[2024/02/27 00:11:09.145] - Starting server with initial configuration: {"gasLimit":6721975,"gasPrice":20000000000,"hardfork":"merge","hostname":"127.0.0.1","port":7545,"network_id":5777,"default_balance_ether":100,"total_accounts":10,"unlocked_accounts":[],"locked":false,"vmErrorsOnRPCResponse":true,"verbose":false,"flavor":"ethereum","db_path":"C:\\Users\\Nagraj\\AppData\\Roaming\\Ganache\\ui\\workspaces\\Quickstart\\chaindata","mnemonic":"give stone satisfy wide shine sing else olympic album female stable educate","blockTime":"30","logDirectory":"C:\\Users\\Nagraj\\Desktop\\DRUG\\drug-traceability-blockchain-maddy\\logs"}
[2024/02/27 00:11:09.894] - eth_getCode
[2024/02/27 00:11:09.896] - eth_subscribe
[2024/02/27 00:11:09.897] - eth_getLogs
[2024/02/27 00:11:09.898] - eth_subscribe
[2024/02/27 00:11:09.908] - eth_getCode
[2024/02/27 00:11:09.935] - eth_getCode
[2024/02/27 00:11:10.221] - eth_subscribe
[2024/02/27 00:11:10.223] - eth_getLogs
[2024/02/27 00:11:10.224] - eth_subscribe
[2024/02/27 00:11:10.435] - eth_subscribe
[2024/02/27 00:11:10.488] - eth_blockNumber
[2024/02/27 00:11:10.489] - eth_accounts
[2024/02/27 00:11:10.490] - eth_gasPrice
[2024/02/27 00:11:10.492] - eth_getBlockByNumber
[2024/02/27 00:11:10.493] - eth_subscribe
[2024/02/27 00:11:10.495] - eth_blockNumber
[2024/02/27 00:11:10.496] - eth_accounts
[2024/02/27 00:11:10.497] - eth_gasPrice
[2024/02/27 00:11:10.499] - eth_getBlockByNumber
[2024/02/27 00:11:10.608] - eth_accounts
[2024/02/27 00:11:10.935] - eth_getBalance
[2024/02/27 00:11:10.964] - eth_getTransactionCount
[2024/02/27 00:11:10.987] - eth_getBalance
[2024/02/27 00:11:11.013] - eth_getTransactionCount
[2024/02/27 00:11:11.048] - eth_getBalance
[2024/02/27 00:11:11.088] - eth_getTransactionCount
[2024/02/27 00:11:11.112] - eth_getBalance
[2024/02/27 00:11:11.140] - eth_getTransactionCount
[2024/02/27 00:11:11.173] - eth_getBalance
[2024/02/27 00:11:11.206] - eth_getTransactionCount
[2024/02/27 00:11:11.237] - eth_getBalance
[2024/02/27 00:11:11.266] - eth_getTransactionCount
[2024/02/27 00:11:11.297] - eth_getBalance
[2024/02/27 00:11:11.329] - eth_getTransactionCount
[2024/02/27 00:11:11.354] - eth_getBalance
[2024/02/27 00:11:11.376] - eth_getTransactionCount
[2024/02/27 00:11:11.403] - eth_getBalance
[2024/02/27 00:11:11.424] - eth_getTransactionCount
[2024/02/27 00:11:11.461] - eth_getBalance
[2024/02/27 00:11:11.488] - eth_getTransactionCount
[2024/02/27 00:11:11.581] - eth_getBalance
[2024/02/27 00:11:11.610] - eth_getTransactionCount
[2024/02/27 00:11:11.657] - eth_getBalance
[2024/02/27 00:11:11.741] - eth_getTransactionCount
[2024/02/27 00:11:11.762] - eth_getBalance
[2024/02/27 00:11:11.786] - eth_getTransactionCount
[2024/02/27 00:11:11.831] - eth_getBalance
[2024/02/27 00:11:11.859] - eth_getTransactionCount
[2024/02/27 00:11:11.889] - eth_getBalance
[2024/02/27 00:11:11.931] - eth_getTransactionCount
[2024/02/27 00:11:11.961] - eth_getBalance
[2024/02/27 00:11:11.991] - eth_getTransactionCount
[2024/02/27 00:11:12.022] - eth_getBalance
[2024/02/27 00:11:12.052] - eth_getTransactionCount
[2024/02/27 00:11:12.081] - eth_getBalance
[2024/02/27 00:11:12.110] - eth_getTransactionCount
[2024/02/27 00:11:12.138] - eth_getBalance
[2024/02/27 00:11:12.175] - eth_getTransactionCount
[2024/02/27 00:11:12.210] - eth_getBalance
[2024/02/27 00:11:12.244] - eth_getTransactionCount
[2024/02/27 00:11:12.272] - eth_getBalance
[2024/02/27 00:11:12.309] - eth_getTransactionCount
[2024/02/27 00:11:12.353] - eth_getBalance
[2024/02/27 00:11:12.405] - eth_getTransactionCount
[2024/02/27 00:11:12.450] - eth_getBalance
[2024/02/27 00:11:12.502] - eth_getTransactionCount
[2024/02/27 00:11:12.544] - eth_getBalance
[2024/02/27 00:11:12.594] - eth_getTransactionCount
[2024/02/27 00:11:12.631] - eth_getBalance
[2024/02/27 00:11:12.672] - eth_getTransactionCount
[2024/02/27 00:11:12.702] - eth_getBalance
[2024/02/27 00:11:12.738] - eth_getTransactionCount
[2024/02/27 00:11:12.767] - eth_getBalance
[2024/02/27 00:11:12.806] - eth_getTransactionCount
[2024/02/27 00:11:12.838] - eth_getBalance
[2024/02/27 00:11:12.874] - eth_getTransactionCount
[2024/02/27 00:11:12.901] - eth_getBalance
[2024/02/27 00:11:12.934] - eth_getTransactionCount
[2024/02/27 00:11:12.964] - eth_getBalance
[2024/02/27 00:11:13.012] - eth_getTransactionCount
[2024/02/27 00:11:13.529] - eth_getTransactionCount
[2024/02/27 00:11:13.562] - eth_getBalance
[2024/02/27 00:11:13.583] - eth_getTransactionCount
[2024/02/27 00:11:13.615] - eth_getBalance
[2024/02/27 00:11:13.641] - eth_getTransactionCount
[2024/02/27 00:11:13.676] - eth_getBalance
[2024/02/27 00:11:13.706] - eth_getTransactionCount
[2024/02/27 00:11:13.752] - eth_getBalance
[2024/02/27 00:11:13.782] - eth_getTransactionCount
[2024/02/27 00:11:13.811] - eth_getBalance
[2024/02/27 00:11:13.843] - eth_getTransactionCount
[2024/02/27 00:11:13.875] - eth_getBalance
[2024/02/27 00:11:13.905] - eth_getTransactionCount
[2024/02/27 00:11:13.934] - eth_getBalance
[2024/02/27 00:11:13.955] - eth_getTransactionCount
[2024/02/27 00:11:13.988] - eth_getBalance
[2024/02/27 00:11:14.010] - eth_getTransactionCount
[2024/02/27 00:11:14.063] - eth_getBalance
[2024/02/27 00:11:14.091] - eth_getTransactionCount
[2024/02/27 00:11:30.724] - eth_blockNumber
[2024/02/27 00:11:30.792] - net_version
[2024/02/27 00:11:30.802] - eth_accounts
[2024/02/27 00:11:30.845] - eth_getBlockByNumber
[2024/02/27 00:11:30.859] - eth_getCode
[2024/02/27 00:11:30.890] - eth_getBlockByNumber
[2024/02/27 00:11:30.901] - eth_getCode
[2024/02/27 00:11:30.929] - eth_getBlockByNumber
[2024/02/27 00:11:30.943] - eth_accounts
[2024/02/27 00:11:31.063] - eth_getBlockByNumber
[2024/02/27 00:11:31.073] - eth_getBlockByNumber
[2024/02/27 00:11:31.080] - eth_getBlockByNumber
[2024/02/27 00:11:31.089] - eth_estimateGas
[2024/02/27 00:11:31.233] - eth_getBlockByNumber
[2024/02/27 00:11:31.235] - eth_blockNumber
[2024/02/27 00:11:31.244] - eth_estimateGas
[2024/02/27 00:11:31.276] - eth_getBlockByNumber
[2024/02/27 00:11:31.278] - eth_gasPrice
[2024/02/27 00:11:31.284] - eth_sendTransaction
[2024/02/27 00:11:31.362] - eth_getTransactionReceipt
[2024/02/27 00:11:32.401] - eth_getTransactionReceipt
[2024/02/27 00:11:33.408] - eth_getTransactionReceipt
[2024/02/27 00:11:34.407] - eth_getTransactionReceipt
[2024/02/27 00:11:35.259] - eth_blockNumber
[2024/02/27 00:11:35.411] - eth_getTransactionReceipt
[2024/02/27 00:11:36.421] - eth_getTransactionReceipt
[2024/02/27 00:11:37.433] - eth_getTransactionReceipt
[2024/02/27 00:11:38.447] - eth_getTransactionReceipt
[2024/02/27 00:11:39.263] - eth_blockNumber
[2024/02/27 00:11:39.455] - eth_getTransactionReceipt
[2024/02/27 00:11:39.555] - 
  Transaction: 0xdb109e9ec7700c269d3acdf398682519326d590e3adf5d4feccdf254af04881e
  Contract created: 0x0c3655f8c2c4f546f94c2c3926e4bf4b75e0d7fe
  Gas usage: 250142
  Block number: 11
  Block time: Tue Feb 27 2024 00:11:39 GMT+0530 (India Standard Time)

[2024/02/27 00:11:39.561] - eth_getBlockByNumber
[2024/02/27 00:11:39.619] - eth_getBalance
[2024/02/27 00:11:39.657] - eth_getTransactionCount
[2024/02/27 00:11:39.676] - eth_getBalance
[2024/02/27 00:11:39.702] - eth_getTransactionCount
[2024/02/27 00:11:39.727] - eth_getBalance
[2024/02/27 00:11:39.766] - eth_getTransactionCount
[2024/02/27 00:11:39.788] - eth_getBalance
[2024/02/27 00:11:39.814] - eth_getTransactionCount
[2024/02/27 00:11:39.860] - eth_getBalance
[2024/02/27 00:11:39.869] - eth_getTransactionCount
[2024/02/27 00:11:39.904] - eth_getBalance
[2024/02/27 00:11:39.937] - eth_getTransactionCount
[2024/02/27 00:11:39.971] - eth_getBalance
[2024/02/27 00:11:40.004] - eth_getTransactionCount
[2024/02/27 00:11:40.046] - eth_getBalance
[2024/02/27 00:11:40.079] - eth_getTransactionCount
[2024/02/27 00:11:40.120] - eth_getBalance
[2024/02/27 00:11:40.156] - eth_getTransactionCount
[2024/02/27 00:11:40.184] - eth_getBalance
[2024/02/27 00:11:40.210] - eth_getTransactionCount
[2024/02/27 00:11:40.457] - eth_getTransactionReceipt
[2024/02/27 00:11:40.465] - eth_getBlockByNumber
[2024/02/27 00:11:40.472] - eth_getBlockByNumber
[2024/02/27 00:11:40.482] - eth_getCode
[2024/02/27 00:11:40.490] - eth_getTransactionByHash
[2024/02/27 00:11:40.499] - eth_getBlockByNumber
[2024/02/27 00:11:40.507] - eth_getBalance
[2024/02/27 00:11:40.521] - eth_getBlockByNumber
[2024/02/27 00:11:40.553] - eth_getBlockByNumber
[2024/02/27 00:11:40.601] - eth_estimateGas
[2024/02/27 00:11:40.665] - eth_getBlockByNumber
[2024/02/27 00:11:40.667] - eth_gasPrice
[2024/02/27 00:11:40.674] - eth_sendTransaction
[2024/02/27 00:11:40.682] - eth_getTransactionReceipt
[2024/02/27 00:11:41.454] - eth_getTransactionReceipt
[2024/02/27 00:11:41.460] - eth_getBlockByNumber
[2024/02/27 00:11:41.466] - eth_getBlockByNumber
[2024/02/27 00:11:41.697] - eth_getTransactionReceipt
[2024/02/27 00:11:42.460] - eth_getTransactionReceipt
[2024/02/27 00:11:42.469] - eth_getBlockByNumber
[2024/02/27 00:11:42.476] - eth_getBlockByNumber
[2024/02/27 00:11:42.705] - eth_getTransactionReceipt
[2024/02/27 00:11:43.461] - eth_getTransactionReceipt
[2024/02/27 00:11:43.466] - eth_getBlockByNumber
[2024/02/27 00:11:43.472] - eth_getBlockByNumber
[2024/02/27 00:11:43.704] - eth_getTransactionReceipt
[2024/02/27 00:11:44.467] - eth_getTransactionReceipt
[2024/02/27 00:11:44.474] - eth_getBlockByNumber
[2024/02/27 00:11:44.480] - eth_getBlockByNumber
[2024/02/27 00:11:44.710] - eth_getTransactionReceipt
[2024/02/27 00:11:45.474] - eth_getTransactionReceipt
[2024/02/27 00:11:45.480] - eth_getBlockByNumber
[2024/02/27 00:11:45.487] - eth_getBlockByNumber
[2024/02/27 00:11:45.710] - eth_getTransactionReceipt
[2024/02/27 00:11:46.484] - eth_getTransactionReceipt
[2024/02/27 00:11:46.489] - eth_getBlockByNumber
[2024/02/27 00:11:46.496] - eth_getBlockByNumber
[2024/02/27 00:11:46.721] - eth_getTransactionReceipt
[2024/02/27 00:11:47.493] - eth_getTransactionReceipt
[2024/02/27 00:11:47.498] - eth_getBlockByNumber
[2024/02/27 00:11:47.506] - eth_getBlockByNumber
[2024/02/27 00:11:47.725] - eth_getTransactionReceipt
[2024/02/27 00:11:48.492] - eth_getTransactionReceipt
[2024/02/27 00:11:48.497] - eth_getBlockByNumber
[2024/02/27 00:11:48.503] - eth_getBlockByNumber
[2024/02/27 00:11:48.735] - eth_getTransactionReceipt
[2024/02/27 00:11:49.494] - eth_getTransactionReceipt
[2024/02/27 00:11:49.499] - eth_getBlockByNumber
[2024/02/27 00:11:49.504] - eth_getBlockByNumber
[2024/02/27 00:11:49.739] - eth_getTransactionReceipt
[2024/02/27 00:11:50.494] - eth_getTransactionReceipt
[2024/02/27 00:11:50.500] - eth_getBlockByNumber
[2024/02/27 00:11:50.506] - eth_getBlockByNumber
[2024/02/27 00:11:50.746] - eth_getTransactionReceipt
[2024/02/27 00:11:51.507] - eth_getTransactionReceipt
[2024/02/27 00:11:51.512] - eth_getBlockByNumber
[2024/02/27 00:11:51.517] - eth_getBlockByNumber
[2024/02/27 00:11:51.747] - eth_getTransactionReceipt
[2024/02/27 00:11:52.514] - eth_getTransactionReceipt
[2024/02/27 00:11:52.520] - eth_getBlockByNumber
[2024/02/27 00:11:52.527] - eth_getBlockByNumber
[2024/02/27 00:11:52.749] - eth_getTransactionReceipt
[2024/02/27 00:11:53.519] - eth_getTransactionReceipt
[2024/02/27 00:11:53.525] - eth_getBlockByNumber
[2024/02/27 00:11:53.532] - eth_getBlockByNumber
[2024/02/27 00:11:53.759] - eth_getTransactionReceipt
[2024/02/27 00:11:54.522] - eth_getTransactionReceipt
[2024/02/27 00:11:54.529] - eth_getBlockByNumber
[2024/02/27 00:11:54.540] - eth_getBlockByNumber
[2024/02/27 00:11:54.764] - eth_getTransactionReceipt
[2024/02/27 00:11:55.525] - eth_getTransactionReceipt
[2024/02/27 00:11:55.561] - eth_getBlockByNumber
[2024/02/27 00:11:55.566] - eth_getBlockByNumber
[2024/02/27 00:11:55.773] - eth_getTransactionReceipt
[2024/02/27 00:11:56.524] - eth_getTransactionReceipt
[2024/02/27 00:11:56.531] - eth_getBlockByNumber
[2024/02/27 00:11:56.536] - eth_getBlockByNumber
[2024/02/27 00:11:56.783] - eth_getTransactionReceipt
[2024/02/27 00:11:57.531] - eth_getTransactionReceipt
[2024/02/27 00:11:57.538] - eth_getBlockByNumber
[2024/02/27 00:11:57.543] - eth_getBlockByNumber
[2024/02/27 00:11:57.780] - eth_getTransactionReceipt
[2024/02/27 00:11:58.535] - eth_getTransactionReceipt
[2024/02/27 00:11:58.542] - eth_getBlockByNumber
[2024/02/27 00:11:58.549] - eth_getBlockByNumber
[2024/02/27 00:11:58.784] - eth_getTransactionReceipt
[2024/02/27 00:11:59.539] - eth_getTransactionReceipt
[2024/02/27 00:11:59.547] - eth_getBlockByNumber
[2024/02/27 00:11:59.552] - eth_getBlockByNumber
[2024/02/27 00:11:59.791] - eth_getTransactionReceipt
[2024/02/27 00:12:00.540] - eth_getTransactionReceipt
[2024/02/27 00:12:00.547] - eth_getBlockByNumber
[2024/02/27 00:12:00.563] - eth_getBlockByNumber
[2024/02/27 00:12:00.801] - eth_getTransactionReceipt
[2024/02/27 00:12:01.554] - eth_getTransactionReceipt
[2024/02/27 00:12:01.562] - eth_getBlockByNumber
[2024/02/27 00:12:01.570] - eth_getBlockByNumber
[2024/02/27 00:12:01.803] - eth_getTransactionReceipt
[2024/02/27 00:12:02.565] - eth_getTransactionReceipt
[2024/02/27 00:12:02.572] - eth_getBlockByNumber
[2024/02/27 00:12:02.579] - eth_getBlockByNumber
[2024/02/27 00:12:02.809] - eth_getTransactionReceipt
[2024/02/27 00:12:03.588] - eth_getTransactionReceipt
[2024/02/27 00:12:03.596] - eth_getBlockByNumber
[2024/02/27 00:12:03.603] - eth_getBlockByNumber
[2024/02/27 00:12:03.811] - eth_getTransactionReceipt
[2024/02/27 00:12:04.588] - eth_getTransactionReceipt
[2024/02/27 00:12:04.596] - eth_getBlockByNumber
[2024/02/27 00:12:04.602] - eth_getBlockByNumber
[2024/02/27 00:12:04.821] - eth_getTransactionReceipt
[2024/02/27 00:12:05.371] - eth_getBlockByNumber
[2024/02/27 00:12:05.475] - eth_getBlockTransactionCountByHash
[2024/02/27 00:12:05.553] - eth_getBlockByNumber
[2024/02/27 00:12:05.591] - eth_getTransactionReceipt
[2024/02/27 00:12:05.598] - eth_getBlockByNumber
[2024/02/27 00:12:05.605] - eth_getBlockByNumber
[2024/02/27 00:12:05.648] - eth_getBlockTransactionCountByHash
[2024/02/27 00:12:05.742] - eth_getBlockByNumber
[2024/02/27 00:12:05.823] - eth_getTransactionReceipt
[2024/02/27 00:12:05.843] - eth_getBlockTransactionCountByHash
[2024/02/27 00:12:06.027] - eth_getBlockByNumber
[2024/02/27 00:12:06.112] - eth_getBlockTransactionCountByHash
[2024/02/27 00:12:06.191] - eth_getBlockByNumber
[2024/02/27 00:12:06.265] - eth_getBlockTransactionCountByHash
[2024/02/27 00:12:06.354] - eth_getBlockByNumber
[2024/02/27 00:12:06.423] - eth_getBlockTransactionCountByHash
[2024/02/27 00:12:06.496] - eth_getBlockByNumber
[2024/02/27 00:12:06.563] - eth_getBlockTransactionCountByHash
[2024/02/27 00:12:06.625] - eth_getTransactionReceipt
[2024/02/27 00:12:06.706] - eth_getBlockByNumber
[2024/02/27 00:12:06.709] - eth_getBlockByNumber
[2024/02/27 00:12:06.745] - eth_getBlockByNumber
[2024/02/27 00:12:06.835] - eth_getTransactionReceipt
[2024/02/27 00:12:06.851] - eth_getBlockTransactionCountByHash
[2024/02/27 00:12:06.944] - eth_getBlockByNumber
[2024/02/27 00:12:07.047] - eth_getBlockTransactionCountByHash
[2024/02/27 00:12:07.126] - eth_getBlockByNumber
[2024/02/27 00:12:07.204] - eth_getBlockTransactionCountByHash
[2024/02/27 00:12:07.272] - eth_getBlockByNumber
[2024/02/27 00:12:07.365] - eth_getBlockTransactionCountByHash
[2024/02/27 00:12:07.444] - eth_getBlockByNumber
[2024/02/27 00:12:07.542] - eth_getBlockTransactionCountByHash
[2024/02/27 00:12:07.627] - eth_getTransactionReceipt
[2024/02/27 00:12:07.636] - eth_getBlockByNumber
[2024/02/27 00:12:07.642] - eth_getBlockByNumber
[2024/02/27 00:12:07.836] - eth_getTransactionReceipt
[2024/02/27 00:12:08.633] - eth_getTransactionReceipt
[2024/02/27 00:12:08.642] - eth_getBlockByNumber
[2024/02/27 00:12:08.650] - eth_getBlockByNumber
[2024/02/27 00:12:08.851] - eth_getTransactionReceipt
[2024/02/27 00:12:09.576] - 
  Transaction: 0xee092c42d95b5e3769f3cc806cbd57aacafe2252c75c1e73efcff17db2fd1605
  Gas usage: 45913
  Block number: 12
  Block time: Tue Feb 27 2024 00:12:09 GMT+0530 (India Standard Time)

[2024/02/27 00:12:09.582] - eth_getBlockByNumber
[2024/02/27 00:12:09.636] - eth_getTransactionReceipt
[2024/02/27 00:12:09.643] - eth_getBlockByNumber
[2024/02/27 00:12:09.650] - eth_getBlockByNumber
[2024/02/27 00:12:09.689] - eth_getBlockByNumber
[2024/02/27 00:12:09.759] - eth_getBalance
[2024/02/27 00:12:09.778] - eth_getTransactionCount
[2024/02/27 00:12:09.806] - eth_getBalance
[2024/02/27 00:12:09.842] - eth_getTransactionCount
[2024/02/27 00:12:09.852] - eth_getTransactionReceipt
[2024/02/27 00:12:09.863] - eth_getBlockByNumber
[2024/02/27 00:12:09.869] - eth_getBlockByNumber
[2024/02/27 00:12:09.898] - eth_getBlockByNumber
[2024/02/27 00:12:09.902] - eth_getBalance
[2024/02/27 00:12:09.907] - eth_accounts
[2024/02/27 00:12:09.962] - eth_getBlockByNumber
[2024/02/27 00:12:09.969] - eth_getBlockByNumber
[2024/02/27 00:12:09.971] - eth_getTransactionCount
[2024/02/27 00:12:09.977] - eth_getBlockByNumber
[2024/02/27 00:12:09.988] - eth_estimateGas
[2024/02/27 00:12:10.056] - eth_getBlockByNumber
[2024/02/27 00:12:10.058] - eth_blockNumber
[2024/02/27 00:12:10.064] - eth_estimateGas
[2024/02/27 00:12:10.103] - eth_getBlockByNumber
[2024/02/27 00:12:10.106] - eth_gasPrice
[2024/02/27 00:12:10.111] - eth_sendTransaction
[2024/02/27 00:12:10.123] - eth_getTransactionReceipt
[2024/02/27 00:12:10.126] - eth_getBalance
[2024/02/27 00:12:10.183] - eth_getTransactionCount
[2024/02/27 00:12:10.237] - eth_getBalance
[2024/02/27 00:12:10.270] - eth_getTransactionCount
[2024/02/27 00:12:10.337] - eth_getBalance
[2024/02/27 00:12:10.457] - eth_getTransactionCount
[2024/02/27 00:12:10.552] - eth_getBalance
[2024/02/27 00:12:10.626] - eth_getTransactionCount
[2024/02/27 00:12:10.672] - eth_getBalance
[2024/02/27 00:12:10.737] - eth_getTransactionCount
[2024/02/27 00:12:10.768] - eth_getBalance
[2024/02/27 00:12:10.809] - eth_getTransactionCount
[2024/02/27 00:12:10.871] - eth_getBalance
[2024/02/27 00:12:10.925] - eth_getTransactionCount
[2024/02/27 00:12:11.036] - eth_getBlockByNumber
[2024/02/27 00:12:11.188] - eth_getTransactionReceipt
[2024/02/27 00:12:11.235] - eth_getBlockTransactionCountByHash
[2024/02/27 00:12:11.450] - eth_getTransactionReceipt
[2024/02/27 00:12:11.454] - eth_getTransactionReceipt
[2024/02/27 00:12:11.470] - eth_getBlockByNumber
[2024/02/27 00:12:11.474] - eth_getBlockByNumber
[2024/02/27 00:12:11.478] - eth_getBlockByNumber
[2024/02/27 00:12:11.482] - eth_getBlockByNumber
[2024/02/27 00:12:12.189] - eth_getTransactionReceipt
[2024/02/27 00:12:12.194] - eth_getBlockByNumber
[2024/02/27 00:12:12.200] - eth_getBlockByNumber
[2024/02/27 00:12:12.453] - eth_getTransactionReceipt
[2024/02/27 00:12:12.461] - eth_getBlockByNumber
[2024/02/27 00:12:12.471] - eth_getTransactionReceipt
[2024/02/27 00:12:12.481] - eth_getBlockByNumber
[2024/02/27 00:12:13.201] - eth_getTransactionReceipt
[2024/02/27 00:12:13.210] - eth_getBlockByNumber
[2024/02/27 00:12:13.214] - eth_getBlockByNumber
[2024/02/27 00:12:13.459] - eth_getTransactionReceipt
[2024/02/27 00:12:13.465] - eth_getBlockByNumber
[2024/02/27 00:12:13.471] - eth_getBlockByNumber
[2024/02/27 00:12:13.473] - eth_getTransactionReceipt
[2024/02/27 00:12:13.645] - eth_getTransactionReceipt
[2024/02/27 00:12:14.078] - eth_blockNumber
[2024/02/27 00:12:14.205] - eth_getTransactionReceipt
[2024/02/27 00:12:14.212] - eth_getBlockByNumber
[2024/02/27 00:12:14.218] - eth_getBlockByNumber
[2024/02/27 00:12:14.458] - eth_getTransactionReceipt
[2024/02/27 00:12:14.467] - eth_getBlockByNumber
[2024/02/27 00:12:14.476] - eth_getBlockByNumber
[2024/02/27 00:12:14.479] - eth_getTransactionReceipt
[2024/02/27 00:12:15.211] - eth_getTransactionReceipt
[2024/02/27 00:12:15.216] - eth_getBlockByNumber
[2024/02/27 00:12:15.222] - eth_getBlockByNumber
[2024/02/27 00:12:15.461] - eth_getTransactionReceipt
[2024/02/27 00:12:15.466] - eth_getBlockByNumber
[2024/02/27 00:12:15.471] - eth_getBlockByNumber
[2024/02/27 00:12:15.493] - eth_getTransactionReceipt
[2024/02/27 00:12:16.213] - eth_getTransactionReceipt
[2024/02/27 00:12:16.219] - eth_getBlockByNumber
[2024/02/27 00:12:16.225] - eth_getBlockByNumber
[2024/02/27 00:12:16.465] - eth_getTransactionReceipt
[2024/02/27 00:12:16.471] - eth_getBlockByNumber
[2024/02/27 00:12:16.475] - eth_getBlockByNumber
[2024/02/27 00:12:16.503] - eth_getTransactionReceipt
[2024/02/27 00:12:17.220] - eth_getTransactionReceipt
[2024/02/27 00:12:17.224] - eth_getBlockByNumber
[2024/02/27 00:12:17.229] - eth_getBlockByNumber
[2024/02/27 00:12:17.478] - eth_getTransactionReceipt
[2024/02/27 00:12:17.484] - eth_getBlockByNumber
[2024/02/27 00:12:17.491] - eth_getBlockByNumber
[2024/02/27 00:12:17.513] - eth_getTransactionReceipt
[2024/02/27 00:12:18.080] - eth_blockNumber
[2024/02/27 00:12:18.224] - eth_getTransactionReceipt
[2024/02/27 00:12:18.229] - eth_getBlockByNumber
[2024/02/27 00:12:18.234] - eth_getBlockByNumber
[2024/02/27 00:12:18.477] - eth_getTransactionReceipt
[2024/02/27 00:12:18.486] - eth_getBlockByNumber
[2024/02/27 00:12:18.493] - eth_getBlockByNumber
[2024/02/27 00:12:18.524] - eth_getTransactionReceipt
[2024/02/27 00:12:19.236] - eth_getTransactionReceipt
[2024/02/27 00:12:19.244] - eth_getBlockByNumber
[2024/02/27 00:12:19.250] - eth_getBlockByNumber
[2024/02/27 00:12:19.487] - eth_getTransactionReceipt
[2024/02/27 00:12:19.493] - eth_getBlockByNumber
[2024/02/27 00:12:19.500] - eth_getBlockByNumber
[2024/02/27 00:12:19.524] - eth_getTransactionReceipt
[2024/02/27 00:12:20.244] - eth_getTransactionReceipt
[2024/02/27 00:12:20.250] - eth_getBlockByNumber
[2024/02/27 00:12:20.254] - eth_getBlockByNumber
[2024/02/27 00:12:20.492] - eth_getTransactionReceipt
[2024/02/27 00:12:20.497] - eth_getBlockByNumber
[2024/02/27 00:12:20.503] - eth_getBlockByNumber
[2024/02/27 00:12:20.543] - eth_getTransactionReceipt
[2024/02/27 00:12:21.131] - eth_getTransactionByHash
[2024/02/27 00:12:21.217] - eth_getBlockByNumber
[2024/02/27 00:12:21.253] - eth_getTransactionReceipt
[2024/02/27 00:12:21.260] - eth_getBlockByNumber
[2024/02/27 00:12:21.267] - eth_getBlockByNumber
[2024/02/27 00:12:21.407] - eth_getTransactionReceipt
[2024/02/27 00:12:21.494] - eth_getTransactionReceipt
[2024/02/27 00:12:21.500] - eth_getBlockByNumber
[2024/02/27 00:12:21.570] - eth_getTransactionReceipt
[2024/02/27 00:12:21.580] - eth_getBlockByNumber
[2024/02/27 00:12:21.657] - eth_getBlockByNumber
[2024/02/27 00:12:21.761] - eth_getBlockByNumber
[2024/02/27 00:12:21.927] - eth_getBlockByNumber
[2024/02/27 00:12:22.083] - eth_blockNumber
[2024/02/27 00:12:22.134] - eth_getBlockByNumber
[2024/02/27 00:12:22.245] - eth_getBlockByNumber
[2024/02/27 00:12:22.265] - eth_getTransactionReceipt
[2024/02/27 00:12:22.271] - eth_getBlockByNumber
[2024/02/27 00:12:22.280] - eth_getBlockByNumber
[2024/02/27 00:12:22.356] - eth_getBlockByNumber
[2024/02/27 00:12:22.483] - eth_getBlockByNumber
[2024/02/27 00:12:22.518] - eth_getTransactionReceipt
[2024/02/27 00:12:22.598] - eth_getBlockByNumber
[2024/02/27 00:12:22.602] - eth_getTransactionReceipt
[2024/02/27 00:12:22.614] - eth_getBlockByNumber
[2024/02/27 00:12:22.654] - eth_getBlockByNumber
[2024/02/27 00:12:22.755] - eth_getBlockByNumber
[2024/02/27 00:12:23.269] - eth_getTransactionReceipt
[2024/02/27 00:12:23.274] - eth_getBlockByNumber
[2024/02/27 00:12:23.281] - eth_getBlockByNumber
[2024/02/27 00:12:23.525] - eth_getTransactionReceipt
[2024/02/27 00:12:23.531] - eth_getBlockByNumber
[2024/02/27 00:12:23.540] - eth_getBlockByNumber
[2024/02/27 00:12:23.627] - eth_getTransactionReceipt
[2024/02/27 00:12:24.284] - eth_getTransactionReceipt
[2024/02/27 00:12:24.290] - eth_getBlockByNumber
[2024/02/27 00:12:24.296] - eth_getBlockByNumber
[2024/02/27 00:12:24.525] - eth_getTransactionReceipt
[2024/02/27 00:12:24.530] - eth_getBlockByNumber
[2024/02/27 00:12:24.534] - eth_getBlockByNumber
[2024/02/27 00:12:24.633] - eth_getTransactionReceipt
[2024/02/27 00:12:25.284] - eth_getTransactionReceipt
[2024/02/27 00:12:25.290] - eth_getBlockByNumber
[2024/02/27 00:12:25.296] - eth_getBlockByNumber
[2024/02/27 00:12:25.540] - eth_getTransactionReceipt
[2024/02/27 00:12:25.547] - eth_getBlockByNumber
[2024/02/27 00:12:25.552] - eth_getBlockByNumber
[2024/02/27 00:12:25.636] - eth_getTransactionReceipt
[2024/02/27 00:12:26.097] - eth_blockNumber
[2024/02/27 00:12:26.297] - eth_getTransactionReceipt
[2024/02/27 00:12:26.303] - eth_getBlockByNumber
[2024/02/27 00:12:26.309] - eth_getBlockByNumber
[2024/02/27 00:12:26.548] - eth_getTransactionReceipt
[2024/02/27 00:12:26.554] - eth_getBlockByNumber
[2024/02/27 00:12:26.559] - eth_getBlockByNumber
[2024/02/27 00:12:26.650] - eth_getTransactionReceipt
[2024/02/27 00:12:27.300] - eth_getTransactionReceipt
[2024/02/27 00:12:27.307] - eth_getBlockByNumber
[2024/02/27 00:12:27.315] - eth_getBlockByNumber
[2024/02/27 00:12:27.555] - eth_getTransactionReceipt
[2024/02/27 00:12:27.562] - eth_getBlockByNumber
[2024/02/27 00:12:27.570] - eth_getBlockByNumber
[2024/02/27 00:12:27.652] - eth_getTransactionReceipt
[2024/02/27 00:12:28.314] - eth_getTransactionReceipt
[2024/02/27 00:12:28.321] - eth_getBlockByNumber
[2024/02/27 00:12:28.327] - eth_getBlockByNumber
[2024/02/27 00:12:28.560] - eth_getTransactionReceipt
[2024/02/27 00:12:28.565] - eth_getBlockByNumber
[2024/02/27 00:12:28.571] - eth_getBlockByNumber
[2024/02/27 00:12:28.661] - eth_getTransactionReceipt
[2024/02/27 00:12:29.318] - eth_getTransactionReceipt
[2024/02/27 00:12:29.325] - eth_getBlockByNumber
[2024/02/27 00:12:29.331] - eth_getBlockByNumber
[2024/02/27 00:12:29.580] - eth_getTransactionReceipt
[2024/02/27 00:12:29.587] - eth_getBlockByNumber
[2024/02/27 00:12:29.595] - eth_getBlockByNumber
[2024/02/27 00:12:29.666] - eth_getTransactionReceipt
[2024/02/27 00:12:30.105] - eth_blockNumber
[2024/02/27 00:12:30.331] - eth_getTransactionReceipt
[2024/02/27 00:12:30.348] - eth_getBlockByNumber
[2024/02/27 00:12:30.354] - eth_getBlockByNumber
[2024/02/27 00:12:30.590] - eth_getTransactionReceipt
[2024/02/27 00:12:30.595] - eth_getBlockByNumber
[2024/02/27 00:12:30.602] - eth_getBlockByNumber
[2024/02/27 00:12:30.675] - eth_getTransactionReceipt
[2024/02/27 00:12:31.351] - eth_getTransactionReceipt
[2024/02/27 00:12:31.357] - eth_getBlockByNumber
[2024/02/27 00:12:31.362] - eth_getBlockByNumber
[2024/02/27 00:12:31.601] - eth_getTransactionReceipt
[2024/02/27 00:12:31.607] - eth_getBlockByNumber
[2024/02/27 00:12:31.613] - eth_getBlockByNumber
[2024/02/27 00:12:31.694] - eth_getTransactionReceipt
[2024/02/27 00:12:32.355] - eth_getTransactionReceipt
[2024/02/27 00:12:32.361] - eth_getBlockByNumber
[2024/02/27 00:12:32.369] - eth_getBlockByNumber
[2024/02/27 00:12:32.606] - eth_getTransactionReceipt
[2024/02/27 00:12:32.612] - eth_getBlockByNumber
[2024/02/27 00:12:32.618] - eth_getBlockByNumber
[2024/02/27 00:12:32.699] - eth_getTransactionReceipt
[2024/02/27 00:12:33.362] - eth_getTransactionReceipt
[2024/02/27 00:12:33.368] - eth_getBlockByNumber
[2024/02/27 00:12:33.374] - eth_getBlockByNumber
[2024/02/27 00:12:33.611] - eth_getTransactionReceipt
[2024/02/27 00:12:33.618] - eth_getBlockByNumber
[2024/02/27 00:12:33.624] - eth_getBlockByNumber
[2024/02/27 00:12:33.708] - eth_getTransactionReceipt
[2024/02/27 00:12:34.125] - eth_blockNumber
[2024/02/27 00:12:34.375] - eth_getTransactionReceipt
[2024/02/27 00:12:34.380] - eth_getBlockByNumber
[2024/02/27 00:12:34.387] - eth_getBlockByNumber
[2024/02/27 00:12:34.618] - eth_getTransactionReceipt
[2024/02/27 00:12:34.624] - eth_getBlockByNumber
[2024/02/27 00:12:34.629] - eth_getBlockByNumber
[2024/02/27 00:12:34.714] - eth_getTransactionReceipt
[2024/02/27 00:12:35.389] - eth_getTransactionReceipt
[2024/02/27 00:12:35.395] - eth_getBlockByNumber
[2024/02/27 00:12:35.400] - eth_getBlockByNumber
[2024/02/27 00:12:35.623] - eth_getTransactionReceipt
[2024/02/27 00:12:35.629] - eth_getBlockByNumber
[2024/02/27 00:12:35.636] - eth_getBlockByNumber
[2024/02/27 00:12:35.720] - eth_getTransactionReceipt
[2024/02/27 00:12:36.392] - eth_getTransactionReceipt
[2024/02/27 00:12:36.398] - eth_getBlockByNumber
[2024/02/27 00:12:36.408] - eth_getBlockByNumber
[2024/02/27 00:12:36.626] - eth_getTransactionReceipt
[2024/02/27 00:12:36.632] - eth_getBlockByNumber
[2024/02/27 00:12:36.638] - eth_getBlockByNumber
[2024/02/27 00:12:36.721] - eth_getTransactionReceipt
[2024/02/27 00:12:37.391] - eth_getTransactionReceipt
[2024/02/27 00:12:37.398] - eth_getBlockByNumber
[2024/02/27 00:12:37.405] - eth_getBlockByNumber
[2024/02/27 00:12:37.627] - eth_getTransactionReceipt
[2024/02/27 00:12:37.634] - eth_getBlockByNumber
[2024/02/27 00:12:37.639] - eth_getBlockByNumber
[2024/02/27 00:12:37.729] - eth_getTransactionReceipt
[2024/02/27 00:12:38.134] - eth_blockNumber
[2024/02/27 00:12:38.394] - eth_getTransactionReceipt
[2024/02/27 00:12:38.399] - eth_getBlockByNumber
[2024/02/27 00:12:38.405] - eth_getBlockByNumber
[2024/02/27 00:12:38.631] - eth_getTransactionReceipt
[2024/02/27 00:12:38.635] - eth_getBlockByNumber
[2024/02/27 00:12:38.639] - eth_getBlockByNumber
[2024/02/27 00:12:38.740] - eth_getTransactionReceipt
[2024/02/27 00:12:39.410] - eth_getTransactionReceipt
[2024/02/27 00:12:39.415] - eth_getBlockByNumber
[2024/02/27 00:12:39.420] - eth_getBlockByNumber
[2024/02/27 00:12:39.609] - 
  Transaction: 0x07284070ddfac214b9651dea613179eecb94c2adb03793edcbf8208e8a84135b
  Contract created: 0x8223d7ad7029bac84be649563e479d92ad66e960
  Gas usage: 764008
  Block number: 13
  Block time: Tue Feb 27 2024 00:12:39 GMT+0530 (India Standard Time)

[2024/02/27 00:12:39.612] - eth_getBlockByNumber
[2024/02/27 00:12:39.646] - eth_getTransactionReceipt
[2024/02/27 00:12:39.652] - eth_getBlockByNumber
[2024/02/27 00:12:39.657] - eth_getBlockByNumber
[2024/02/27 00:12:39.664] - eth_getBalance
[2024/02/27 00:12:39.693] - eth_getTransactionCount
[2024/02/27 00:12:39.715] - eth_getBalance
[2024/02/27 00:12:39.736] - eth_getTransactionCount
[2024/02/27 00:12:39.750] - eth_getTransactionReceipt
[2024/02/27 00:12:39.755] - eth_getBalance
[2024/02/27 00:12:39.757] - eth_getBlockByNumber
[2024/02/27 00:12:39.764] - eth_getBlockByNumber
[2024/02/27 00:12:39.771] - eth_getCode
[2024/02/27 00:12:39.779] - eth_getTransactionByHash
[2024/02/27 00:12:39.780] - eth_getTransactionCount
[2024/02/27 00:12:39.786] - eth_getBlockByNumber
[2024/02/27 00:12:39.791] - eth_getBalance
[2024/02/27 00:12:39.820] - eth_getBalance
[2024/02/27 00:12:39.824] - eth_getBlockByNumber
[2024/02/27 00:12:39.846] - eth_getBlockByNumber
[2024/02/27 00:12:39.856] - eth_estimateGas
[2024/02/27 00:12:39.871] - eth_getTransactionCount
[2024/02/27 00:12:39.914] - eth_getBalance
[2024/02/27 00:12:39.954] - eth_getBlockByNumber
[2024/02/27 00:12:39.956] - eth_getTransactionCount
[2024/02/27 00:12:39.969] - eth_gasPrice
[2024/02/27 00:12:39.976] - eth_sendTransaction
[2024/02/27 00:12:39.983] - eth_getTransactionReceipt
[2024/02/27 00:12:39.997] - eth_getBalance
[2024/02/27 00:12:40.021] - eth_getTransactionCount
[2024/02/27 00:12:40.041] - eth_getBalance
[2024/02/27 00:12:40.057] - eth_getTransactionCount
[2024/02/27 00:12:40.093] - eth_getBalance
[2024/02/27 00:12:40.117] - eth_getTransactionCount
[2024/02/27 00:12:40.139] - eth_getBalance
[2024/02/27 00:12:40.157] - eth_getTransactionCount
[2024/02/27 00:12:40.185] - eth_getBalance
[2024/02/27 00:12:40.210] - eth_getTransactionCount
[2024/02/27 00:12:40.415] - eth_getTransactionReceipt
[2024/02/27 00:12:40.420] - eth_getBlockByNumber
[2024/02/27 00:12:40.426] - eth_getBlockByNumber
[2024/02/27 00:12:40.656] - eth_getTransactionReceipt
[2024/02/27 00:12:40.662] - eth_getBlockByNumber
[2024/02/27 00:12:40.667] - eth_getBlockByNumber
[2024/02/27 00:12:40.760] - eth_getTransactionReceipt
[2024/02/27 00:12:40.769] - eth_getBlockByNumber
[2024/02/27 00:12:40.776] - eth_getBlockByNumber
[2024/02/27 00:12:41.000] - eth_getTransactionReceipt
[2024/02/27 00:12:41.422] - eth_getTransactionReceipt
[2024/02/27 00:12:41.427] - eth_getBlockByNumber
[2024/02/27 00:12:41.432] - eth_getBlockByNumber
[2024/02/27 00:12:41.657] - eth_getTransactionReceipt
[2024/02/27 00:12:41.662] - eth_getBlockByNumber
[2024/02/27 00:12:41.666] - eth_getBlockByNumber
[2024/02/27 00:12:41.766] - eth_getTransactionReceipt
[2024/02/27 00:12:41.773] - eth_getBlockByNumber
[2024/02/27 00:12:41.779] - eth_getBlockByNumber
[2024/02/27 00:12:42.002] - eth_getTransactionReceipt
[2024/02/27 00:12:42.426] - eth_getTransactionReceipt
[2024/02/27 00:12:42.431] - eth_getBlockByNumber
[2024/02/27 00:12:42.436] - eth_getBlockByNumber
[2024/02/27 00:12:42.673] - eth_getTransactionReceipt
[2024/02/27 00:12:42.680] - eth_getBlockByNumber
[2024/02/27 00:12:42.689] - eth_getBlockByNumber
[2024/02/27 00:12:42.779] - eth_getTransactionReceipt
[2024/02/27 00:12:42.783] - eth_getBlockByNumber
[2024/02/27 00:12:42.787] - eth_getBlockByNumber
[2024/02/27 00:12:43.008] - eth_getTransactionReceipt
[2024/02/27 00:12:43.437] - eth_getTransactionReceipt
[2024/02/27 00:12:43.445] - eth_getBlockByNumber
[2024/02/27 00:12:43.451] - eth_getBlockByNumber
[2024/02/27 00:12:43.675] - eth_getTransactionReceipt
[2024/02/27 00:12:43.680] - eth_getBlockByNumber
[2024/02/27 00:12:43.684] - eth_getBlockByNumber
[2024/02/27 00:12:43.785] - eth_getTransactionReceipt
[2024/02/27 00:12:43.789] - eth_getBlockByNumber
[2024/02/27 00:12:43.795] - eth_getBlockByNumber
[2024/02/27 00:12:44.019] - eth_getTransactionReceipt
[2024/02/27 00:12:44.444] - eth_getTransactionReceipt
[2024/02/27 00:12:44.450] - eth_getBlockByNumber
[2024/02/27 00:12:44.455] - eth_getBlockByNumber
[2024/02/27 00:12:44.683] - eth_getTransactionReceipt
[2024/02/27 00:12:44.694] - eth_getBlockByNumber
[2024/02/27 00:12:44.698] - eth_getBlockByNumber
[2024/02/27 00:12:44.794] - eth_getTransactionReceipt
[2024/02/27 00:12:44.798] - eth_getBlockByNumber
[2024/02/27 00:12:44.803] - eth_getBlockByNumber
[2024/02/27 00:12:45.027] - eth_getTransactionReceipt
[2024/02/27 00:12:45.444] - eth_getTransactionReceipt
[2024/02/27 00:12:45.448] - eth_getBlockByNumber
[2024/02/27 00:12:45.453] - eth_getBlockByNumber
[2024/02/27 00:12:45.689] - eth_getTransactionReceipt
[2024/02/27 00:12:45.693] - eth_getBlockByNumber
[2024/02/27 00:12:45.699] - eth_getBlockByNumber
[2024/02/27 00:12:45.800] - eth_getTransactionReceipt
[2024/02/27 00:12:45.804] - eth_getBlockByNumber
[2024/02/27 00:12:45.809] - eth_getBlockByNumber
[2024/02/27 00:12:46.034] - eth_getTransactionReceipt
[2024/02/27 00:12:46.459] - eth_getTransactionReceipt
[2024/02/27 00:12:46.464] - eth_getBlockByNumber
[2024/02/27 00:12:46.469] - eth_getBlockByNumber
[2024/02/27 00:12:46.691] - eth_getTransactionReceipt
[2024/02/27 00:12:46.695] - eth_getBlockByNumber
[2024/02/27 00:12:46.699] - eth_getBlockByNumber
[2024/02/27 00:12:46.803] - eth_getTransactionReceipt
[2024/02/27 00:12:46.808] - eth_getBlockByNumber
[2024/02/27 00:12:46.813] - eth_getBlockByNumber
[2024/02/27 00:12:47.037] - eth_getTransactionReceipt
[2024/02/27 00:12:47.464] - eth_getTransactionReceipt
[2024/02/27 00:12:47.469] - eth_getBlockByNumber
[2024/02/27 00:12:47.473] - eth_getBlockByNumber
[2024/02/27 00:12:47.696] - eth_getTransactionReceipt
[2024/02/27 00:12:47.702] - eth_getBlockByNumber
[2024/02/27 00:12:47.707] - eth_getBlockByNumber
[2024/02/27 00:12:47.805] - eth_getTransactionReceipt
[2024/02/27 00:12:47.810] - eth_getBlockByNumber
[2024/02/27 00:12:47.816] - eth_getBlockByNumber
[2024/02/27 00:12:48.049] - eth_getTransactionReceipt
[2024/02/27 00:12:48.467] - eth_getTransactionReceipt
[2024/02/27 00:12:48.473] - eth_getBlockByNumber
[2024/02/27 00:12:48.479] - eth_getBlockByNumber
[2024/02/27 00:12:48.699] - eth_getTransactionReceipt
[2024/02/27 00:12:48.704] - eth_getBlockByNumber
[2024/02/27 00:12:48.708] - eth_getBlockByNumber
[2024/02/27 00:12:48.809] - eth_getTransactionReceipt
[2024/02/27 00:12:48.814] - eth_getBlockByNumber
[2024/02/27 00:12:48.819] - eth_getBlockByNumber
[2024/02/27 00:12:49.051] - eth_getTransactionReceipt
[2024/02/27 00:12:49.478] - eth_getTransactionReceipt
[2024/02/27 00:12:49.484] - eth_getBlockByNumber
[2024/02/27 00:12:49.489] - eth_getBlockByNumber
[2024/02/27 00:12:49.710] - eth_getTransactionReceipt
[2024/02/27 00:12:49.716] - eth_getBlockByNumber
[2024/02/27 00:12:49.721] - eth_getBlockByNumber
[2024/02/27 00:12:49.820] - eth_getTransactionReceipt
[2024/02/27 00:12:49.825] - eth_getBlockByNumber
[2024/02/27 00:12:49.829] - eth_getBlockByNumber
[2024/02/27 00:12:50.059] - eth_getTransactionReceipt
[2024/02/27 00:12:50.489] - eth_getTransactionReceipt
[2024/02/27 00:12:50.493] - eth_getBlockByNumber
[2024/02/27 00:12:50.497] - eth_getBlockByNumber
[2024/02/27 00:12:50.723] - eth_getTransactionReceipt
[2024/02/27 00:12:50.729] - eth_getBlockByNumber
[2024/02/27 00:12:50.734] - eth_getBlockByNumber
[2024/02/27 00:12:50.832] - eth_getTransactionReceipt
[2024/02/27 00:12:50.840] - eth_getBlockByNumber
[2024/02/27 00:12:50.845] - eth_getBlockByNumber
[2024/02/27 00:12:51.070] - eth_getTransactionReceipt
[2024/02/27 00:12:51.502] - eth_getTransactionReceipt
[2024/02/27 00:12:51.508] - eth_getBlockByNumber
[2024/02/27 00:12:51.512] - eth_getBlockByNumber
[2024/02/27 00:12:51.734] - eth_getTransactionReceipt
[2024/02/27 00:12:51.740] - eth_getBlockByNumber
[2024/02/27 00:12:51.745] - eth_getBlockByNumber
[2024/02/27 00:12:51.843] - eth_getTransactionReceipt
[2024/02/27 00:12:51.848] - eth_getBlockByNumber
[2024/02/27 00:12:51.854] - eth_getBlockByNumber
[2024/02/27 00:12:52.072] - eth_getTransactionReceipt
[2024/02/27 00:12:52.511] - eth_getTransactionReceipt
[2024/02/27 00:12:52.516] - eth_getBlockByNumber
[2024/02/27 00:12:52.521] - eth_getBlockByNumber
[2024/02/27 00:12:52.740] - eth_getTransactionReceipt
[2024/02/27 00:12:52.745] - eth_getBlockByNumber
[2024/02/27 00:12:52.749] - eth_getBlockByNumber
[2024/02/27 00:12:52.850] - eth_getTransactionReceipt
[2024/02/27 00:12:52.862] - eth_getBlockByNumber
[2024/02/27 00:12:52.866] - eth_getBlockByNumber
[2024/02/27 00:12:53.085] - eth_getTransactionReceipt
[2024/02/27 00:12:53.516] - eth_getTransactionReceipt
[2024/02/27 00:12:53.525] - eth_getBlockByNumber
[2024/02/27 00:12:53.530] - eth_getBlockByNumber
[2024/02/27 00:12:53.748] - eth_getTransactionReceipt
[2024/02/27 00:12:53.754] - eth_getBlockByNumber
[2024/02/27 00:12:53.759] - eth_getBlockByNumber
[2024/02/27 00:12:53.863] - eth_getTransactionReceipt
[2024/02/27 00:12:53.868] - eth_getBlockByNumber
[2024/02/27 00:12:53.872] - eth_getBlockByNumber
[2024/02/27 00:12:54.097] - eth_getTransactionReceipt
[2024/02/27 00:12:54.525] - eth_getTransactionReceipt
[2024/02/27 00:12:54.530] - eth_getBlockByNumber
[2024/02/27 00:12:54.535] - eth_getBlockByNumber
[2024/02/27 00:12:54.762] - eth_getTransactionReceipt
[2024/02/27 00:12:54.766] - eth_getBlockByNumber
[2024/02/27 00:12:54.772] - eth_getBlockByNumber
[2024/02/27 00:12:54.867] - eth_getTransactionReceipt
[2024/02/27 00:12:54.873] - eth_getBlockByNumber
[2024/02/27 00:12:54.879] - eth_getBlockByNumber
[2024/02/27 00:12:55.100] - eth_getTransactionReceipt
[2024/02/27 00:12:55.536] - eth_getTransactionReceipt
[2024/02/27 00:12:55.541] - eth_getBlockByNumber
[2024/02/27 00:12:55.546] - eth_getBlockByNumber
[2024/02/27 00:12:55.771] - eth_getTransactionReceipt
[2024/02/27 00:12:55.778] - eth_getBlockByNumber
[2024/02/27 00:12:55.784] - eth_getBlockByNumber
[2024/02/27 00:12:55.877] - eth_getTransactionReceipt
[2024/02/27 00:12:55.885] - eth_getBlockByNumber
[2024/02/27 00:12:55.891] - eth_getBlockByNumber
[2024/02/27 00:12:56.111] - eth_getTransactionReceipt
[2024/02/27 00:12:56.549] - eth_getTransactionReceipt
[2024/02/27 00:12:56.556] - eth_getBlockByNumber
[2024/02/27 00:12:56.563] - eth_getBlockByNumber
[2024/02/27 00:12:56.782] - eth_getTransactionReceipt
[2024/02/27 00:12:56.789] - eth_getBlockByNumber
[2024/02/27 00:12:56.794] - eth_getBlockByNumber
[2024/02/27 00:12:56.885] - eth_getTransactionReceipt
[2024/02/27 00:12:56.893] - eth_getBlockByNumber
[2024/02/27 00:12:56.900] - eth_getBlockByNumber
[2024/02/27 00:12:57.119] - eth_getTransactionReceipt
[2024/02/27 00:12:57.563] - eth_getTransactionReceipt
[2024/02/27 00:12:57.568] - eth_getBlockByNumber
[2024/02/27 00:12:57.575] - eth_getBlockByNumber
[2024/02/27 00:12:57.796] - eth_getTransactionReceipt
[2024/02/27 00:12:57.801] - eth_getBlockByNumber
[2024/02/27 00:12:57.806] - eth_getBlockByNumber
[2024/02/27 00:12:57.890] - eth_getTransactionReceipt
[2024/02/27 00:12:57.897] - eth_getBlockByNumber
[2024/02/27 00:12:57.905] - eth_getBlockByNumber
[2024/02/27 00:12:58.129] - eth_getTransactionReceipt
[2024/02/27 00:12:58.568] - eth_getTransactionReceipt
[2024/02/27 00:12:58.574] - eth_getBlockByNumber
[2024/02/27 00:12:58.580] - eth_getBlockByNumber
[2024/02/27 00:12:58.805] - eth_getTransactionReceipt
[2024/02/27 00:12:58.811] - eth_getBlockByNumber
[2024/02/27 00:12:58.817] - eth_getBlockByNumber
[2024/02/27 00:12:58.900] - eth_getTransactionReceipt
[2024/02/27 00:12:58.905] - eth_getBlockByNumber
[2024/02/27 00:12:58.910] - eth_getBlockByNumber
[2024/02/27 00:12:59.134] - eth_getTransactionReceipt
[2024/02/27 00:12:59.579] - eth_getTransactionReceipt
[2024/02/27 00:12:59.585] - eth_getBlockByNumber
[2024/02/27 00:12:59.596] - eth_getBlockByNumber
[2024/02/27 00:12:59.813] - eth_getTransactionReceipt
[2024/02/27 00:12:59.817] - eth_getBlockByNumber
[2024/02/27 00:12:59.823] - eth_getBlockByNumber
[2024/02/27 00:12:59.917] - eth_getTransactionReceipt
[2024/02/27 00:12:59.922] - eth_getBlockByNumber
[2024/02/27 00:12:59.926] - eth_getBlockByNumber
[2024/02/27 00:13:00.146] - eth_getTransactionReceipt
[2024/02/27 00:13:00.582] - eth_getTransactionReceipt
[2024/02/27 00:13:00.587] - eth_getBlockByNumber
[2024/02/27 00:13:00.592] - eth_getBlockByNumber
[2024/02/27 00:13:00.825] - eth_getTransactionReceipt
[2024/02/27 00:13:00.834] - eth_getBlockByNumber
[2024/02/27 00:13:00.840] - eth_getBlockByNumber
[2024/02/27 00:13:00.927] - eth_getTransactionReceipt
[2024/02/27 00:13:00.931] - eth_getBlockByNumber
[2024/02/27 00:13:00.937] - eth_getBlockByNumber
[2024/02/27 00:13:01.149] - eth_getTransactionReceipt
[2024/02/27 00:13:01.599] - eth_getTransactionReceipt
[2024/02/27 00:13:01.605] - eth_getBlockByNumber
[2024/02/27 00:13:01.613] - eth_getBlockByNumber
[2024/02/27 00:13:01.828] - eth_getTransactionReceipt
[2024/02/27 00:13:01.833] - eth_getBlockByNumber
[2024/02/27 00:13:01.841] - eth_getBlockByNumber
[2024/02/27 00:13:01.928] - eth_getTransactionReceipt
[2024/02/27 00:13:01.933] - eth_getBlockByNumber
[2024/02/27 00:13:01.939] - eth_getBlockByNumber
[2024/02/27 00:13:02.152] - eth_getTransactionReceipt
[2024/02/27 00:13:02.602] - eth_getTransactionReceipt
[2024/02/27 00:13:02.608] - eth_getBlockByNumber
[2024/02/27 00:13:02.614] - eth_getBlockByNumber
[2024/02/27 00:13:02.877] - eth_getTransactionReceipt
[2024/02/27 00:13:02.884] - eth_getBlockByNumber
[2024/02/27 00:13:02.889] - eth_getBlockByNumber
[2024/02/27 00:13:02.938] - eth_getTransactionReceipt
[2024/02/27 00:13:02.944] - eth_getBlockByNumber
[2024/02/27 00:13:02.950] - eth_getBlockByNumber
[2024/02/27 00:13:03.159] - eth_getTransactionReceipt
[2024/02/27 00:13:03.608] - eth_getTransactionReceipt
[2024/02/27 00:13:03.614] - eth_getBlockByNumber
[2024/02/27 00:13:03.619] - eth_getBlockByNumber
[2024/02/27 00:13:03.887] - eth_getTransactionReceipt
[2024/02/27 00:13:03.892] - eth_getBlockByNumber
[2024/02/27 00:13:03.898] - eth_getBlockByNumber
[2024/02/27 00:13:03.939] - eth_getTransactionReceipt
[2024/02/27 00:13:03.944] - eth_getBlockByNumber
[2024/02/27 00:13:03.950] - eth_getBlockByNumber
[2024/02/27 00:13:04.222] - eth_getTransactionReceipt
[2024/02/27 00:13:04.615] - eth_getTransactionReceipt
[2024/02/27 00:13:04.620] - eth_getBlockByNumber
[2024/02/27 00:13:04.626] - eth_getBlockByNumber
[2024/02/27 00:13:04.968] - eth_getTransactionReceipt
[2024/02/27 00:13:05.041] - eth_getBlockByNumber
[2024/02/27 00:13:05.043] - eth_getTransactionReceipt
[2024/02/27 00:13:05.124] - eth_getBlockByNumber
[2024/02/27 00:13:05.126] - eth_getBlockByNumber
[2024/02/27 00:13:05.133] - eth_getBlockByNumber
[2024/02/27 00:13:05.266] - eth_getTransactionReceipt
[2024/02/27 00:13:05.624] - eth_getTransactionReceipt
[2024/02/27 00:13:05.631] - eth_getBlockByNumber
[2024/02/27 00:13:05.639] - eth_getBlockByNumber
[2024/02/27 00:13:05.932] - eth_getTransactionReceipt
[2024/02/27 00:13:05.938] - eth_getBlockByNumber
[2024/02/27 00:13:05.943] - eth_getBlockByNumber
[2024/02/27 00:13:06.052] - eth_getTransactionReceipt
[2024/02/27 00:13:06.058] - eth_getBlockByNumber
[2024/02/27 00:13:06.063] - eth_getBlockByNumber
[2024/02/27 00:13:06.271] - eth_getTransactionReceipt
[2024/02/27 00:13:06.632] - eth_getTransactionReceipt
[2024/02/27 00:13:06.641] - eth_getBlockByNumber
[2024/02/27 00:13:06.647] - eth_getBlockByNumber
[2024/02/27 00:13:06.947] - eth_getTransactionReceipt
[2024/02/27 00:13:06.951] - eth_getBlockByNumber
[2024/02/27 00:13:06.956] - eth_getBlockByNumber
[2024/02/27 00:13:07.057] - eth_getTransactionReceipt
[2024/02/27 00:13:07.063] - eth_getBlockByNumber
[2024/02/27 00:13:07.068] - eth_getBlockByNumber
[2024/02/27 00:13:07.283] - eth_getTransactionReceipt
[2024/02/27 00:13:07.634] - eth_getTransactionReceipt
[2024/02/27 00:13:07.640] - eth_getBlockByNumber
[2024/02/27 00:13:07.645] - eth_getBlockByNumber
[2024/02/27 00:13:07.949] - eth_getTransactionReceipt
[2024/02/27 00:13:07.954] - eth_getBlockByNumber
[2024/02/27 00:13:07.959] - eth_getBlockByNumber
[2024/02/27 00:13:08.059] - eth_getTransactionReceipt
[2024/02/27 00:13:08.065] - eth_getBlockByNumber
[2024/02/27 00:13:08.070] - eth_getBlockByNumber
[2024/02/27 00:13:08.296] - eth_getTransactionReceipt
[2024/02/27 00:13:08.644] - eth_getTransactionReceipt
[2024/02/27 00:13:08.648] - eth_getBlockByNumber
[2024/02/27 00:13:08.653] - eth_getBlockByNumber
[2024/02/27 00:13:08.959] - eth_getTransactionReceipt
[2024/02/27 00:13:08.964] - eth_getBlockByNumber
[2024/02/27 00:13:08.969] - eth_getBlockByNumber
[2024/02/27 00:13:09.068] - eth_getTransactionReceipt
[2024/02/27 00:13:09.072] - eth_getBlockByNumber
[2024/02/27 00:13:09.080] - eth_getBlockByNumber
[2024/02/27 00:13:09.304] - eth_getTransactionReceipt
[2024/02/27 00:13:09.637] - 
  Transaction: 0x61633ab5ec961c243c554b15c42ec316b9ea77f23a03c5b367e4282ffa1c5f5d
  Gas usage: 28813
  Block number: 14
  Block time: Tue Feb 27 2024 00:13:09 GMT+0530 (India Standard Time)

[2024/02/27 00:13:09.642] - eth_getBlockByNumber
[2024/02/27 00:13:09.655] - eth_getTransactionReceipt
[2024/02/27 00:13:09.660] - eth_getBlockByNumber
[2024/02/27 00:13:09.665] - eth_getBlockByNumber
[2024/02/27 00:13:09.834] - eth_getBalance
[2024/02/27 00:13:09.883] - eth_getTransactionCount
[2024/02/27 00:13:09.911] - eth_getBalance
[2024/02/27 00:13:09.965] - eth_getTransactionReceipt
[2024/02/27 00:13:09.970] - eth_getBlockByNumber
[2024/02/27 00:13:09.975] - eth_getBlockByNumber
[2024/02/27 00:13:10.057] - eth_getTransactionCount
[2024/02/27 00:13:10.076] - eth_getTransactionReceipt
[2024/02/27 00:13:10.083] - eth_getBlockByNumber
[2024/02/27 00:13:10.089] - eth_getBlockByNumber
[2024/02/27 00:13:10.104] - eth_getBalance
[2024/02/27 00:13:10.160] - eth_getTransactionCount
[2024/02/27 00:13:10.182] - eth_getBalance
[2024/02/27 00:13:10.205] - eth_getTransactionCount
[2024/02/27 00:13:10.224] - eth_getBalance
[2024/02/27 00:13:10.251] - eth_getTransactionCount
[2024/02/27 00:13:10.281] - eth_getBalance
[2024/02/27 00:13:10.299] - eth_getTransactionCount
[2024/02/27 00:13:10.312] - eth_getTransactionReceipt
[2024/02/27 00:13:10.317] - eth_getBlockByNumber
[2024/02/27 00:13:10.321] - eth_getBalance
[2024/02/27 00:13:10.323] - eth_getBlockByNumber
[2024/02/27 00:13:10.361] - eth_getBlockByNumber
[2024/02/27 00:13:10.368] - eth_accounts
[2024/02/27 00:13:10.427] - eth_getBlockByNumber
[2024/02/27 00:13:10.432] - eth_getBlockByNumber
[2024/02/27 00:13:10.438] - eth_getBlockByNumber
[2024/02/27 00:13:10.446] - eth_getTransactionCount
[2024/02/27 00:13:10.449] - eth_estimateGas
[2024/02/27 00:13:10.511] - eth_getBlockByNumber
[2024/02/27 00:13:10.514] - eth_blockNumber
[2024/02/27 00:13:10.521] - eth_estimateGas
[2024/02/27 00:13:10.569] - eth_getBlockByNumber
[2024/02/27 00:13:10.571] - eth_gasPrice
[2024/02/27 00:13:10.578] - eth_sendTransaction
[2024/02/27 00:13:10.590] - eth_getTransactionReceipt
[2024/02/27 00:13:10.660] - eth_getTransactionReceipt
[2024/02/27 00:13:10.666] - eth_getBlockByNumber
[2024/02/27 00:13:10.672] - eth_getBlockByNumber
[2024/02/27 00:13:11.019] - eth_getTransactionReceipt
[2024/02/27 00:13:11.024] - eth_getBlockByNumber
[2024/02/27 00:13:11.029] - eth_getBlockByNumber
[2024/02/27 00:13:11.083] - eth_getTransactionReceipt
[2024/02/27 00:13:11.088] - eth_getBlockByNumber
[2024/02/27 00:13:11.091] - eth_getBalance
[2024/02/27 00:13:11.093] - eth_getBlockByNumber
[2024/02/27 00:13:11.273] - eth_getTransactionCount
[2024/02/27 00:13:11.314] - eth_getTransactionReceipt
[2024/02/27 00:13:11.316] - eth_getBalance
[2024/02/27 00:13:11.321] - eth_getBlockByNumber
[2024/02/27 00:13:11.326] - eth_getBlockByNumber
[2024/02/27 00:13:11.360] - eth_getTransactionCount
[2024/02/27 00:13:11.381] - eth_getBalance
[2024/02/27 00:13:11.419] - eth_getTransactionCount
[2024/02/27 00:13:11.605] - eth_getTransactionReceipt
[2024/02/27 00:13:11.668] - eth_getTransactionReceipt
[2024/02/27 00:13:11.673] - eth_getBlockByNumber
[2024/02/27 00:13:11.678] - eth_getBlockByNumber
[2024/02/27 00:13:12.033] - eth_getTransactionReceipt
[2024/02/27 00:13:12.049] - eth_getBlockByNumber
[2024/02/27 00:13:12.054] - eth_getBlockByNumber
[2024/02/27 00:13:12.085] - eth_getTransactionReceipt
[2024/02/27 00:13:12.090] - eth_getBlockByNumber
[2024/02/27 00:13:12.095] - eth_getBlockByNumber
[2024/02/27 00:13:12.322] - eth_getTransactionReceipt
[2024/02/27 00:13:12.328] - eth_getBlockByNumber
[2024/02/27 00:13:12.333] - eth_getBlockByNumber
[2024/02/27 00:13:12.607] - eth_getTransactionReceipt
[2024/02/27 00:13:12.671] - eth_getTransactionReceipt
[2024/02/27 00:13:12.676] - eth_getBlockByNumber
[2024/02/27 00:13:12.681] - eth_getBlockByNumber
[2024/02/27 00:13:13.046] - eth_getTransactionReceipt
[2024/02/27 00:13:13.050] - eth_getBlockByNumber
[2024/02/27 00:13:13.083] - eth_getBlockByNumber
[2024/02/27 00:13:13.085] - eth_getTransactionReceipt
[2024/02/27 00:13:13.091] - eth_getBlockByNumber
[2024/02/27 00:13:13.096] - eth_getBlockByNumber
[2024/02/27 00:13:13.324] - eth_getTransactionReceipt
[2024/02/27 00:13:13.329] - eth_getBlockByNumber
[2024/02/27 00:13:13.334] - eth_getBlockByNumber
[2024/02/27 00:13:13.621] - eth_getTransactionReceipt
[2024/02/27 00:13:13.684] - eth_getTransactionReceipt
[2024/02/27 00:13:13.689] - eth_getBlockByNumber
[2024/02/27 00:13:13.693] - eth_getBlockByNumber
[2024/02/27 00:13:14.057] - eth_getTransactionReceipt
[2024/02/27 00:13:14.062] - eth_getBlockByNumber
[2024/02/27 00:13:14.067] - eth_getBlockByNumber
[2024/02/27 00:13:14.089] - eth_getTransactionReceipt
[2024/02/27 00:13:14.095] - eth_getBlockByNumber
[2024/02/27 00:13:14.101] - eth_getBlockByNumber
[2024/02/27 00:13:14.325] - eth_getTransactionReceipt
[2024/02/27 00:13:14.331] - eth_getBlockByNumber
[2024/02/27 00:13:14.338] - eth_getBlockByNumber
[2024/02/27 00:13:14.526] - eth_blockNumber
[2024/02/27 00:13:14.623] - eth_getTransactionReceipt
[2024/02/27 00:13:14.698] - eth_getTransactionReceipt
[2024/02/27 00:13:14.719] - eth_getBlockByNumber
[2024/02/27 00:13:14.724] - eth_getBlockByNumber
[2024/02/27 00:13:15.069] - eth_getTransactionReceipt
[2024/02/27 00:13:15.074] - eth_getBlockByNumber
[2024/02/27 00:13:15.079] - eth_getBlockByNumber
[2024/02/27 00:13:15.101] - eth_getTransactionReceipt
[2024/02/27 00:13:15.106] - eth_getBlockByNumber
[2024/02/27 00:13:15.111] - eth_getBlockByNumber
[2024/02/27 00:13:15.331] - eth_getTransactionReceipt
[2024/02/27 00:13:15.336] - eth_getBlockByNumber
[2024/02/27 00:13:15.341] - eth_getBlockByNumber
[2024/02/27 00:13:15.638] - eth_getTransactionReceipt
[2024/02/27 00:13:15.701] - eth_getTransactionReceipt
[2024/02/27 00:13:15.706] - eth_getBlockByNumber
[2024/02/27 00:13:15.710] - eth_getBlockByNumber
[2024/02/27 00:13:16.079] - eth_getTransactionReceipt
[2024/02/27 00:13:16.083] - eth_getBlockByNumber
[2024/02/27 00:13:16.088] - eth_getBlockByNumber
[2024/02/27 00:13:16.102] - eth_getTransactionReceipt
[2024/02/27 00:13:16.108] - eth_getBlockByNumber
[2024/02/27 00:13:16.112] - eth_getBlockByNumber
[2024/02/27 00:13:16.337] - eth_getTransactionReceipt
[2024/02/27 00:13:16.341] - eth_getBlockByNumber
[2024/02/27 00:13:16.346] - eth_getBlockByNumber
[2024/02/27 00:13:16.643] - eth_getTransactionReceipt
[2024/02/27 00:13:16.710] - eth_getTransactionReceipt
[2024/02/27 00:13:16.714] - eth_getBlockByNumber
[2024/02/27 00:13:16.719] - eth_getBlockByNumber
[2024/02/27 00:13:17.092] - eth_getTransactionReceipt
[2024/02/27 00:13:17.096] - eth_getBlockByNumber
[2024/02/27 00:13:17.103] - eth_getBlockByNumber
[2024/02/27 00:13:17.105] - eth_getTransactionReceipt
[2024/02/27 00:13:17.113] - eth_getBlockByNumber
[2024/02/27 00:13:17.117] - eth_getBlockByNumber
[2024/02/27 00:13:17.344] - eth_getTransactionReceipt
[2024/02/27 00:13:17.349] - eth_getBlockByNumber
[2024/02/27 00:13:17.354] - eth_getBlockByNumber
[2024/02/27 00:13:17.644] - eth_getTransactionReceipt
[2024/02/27 00:13:17.721] - eth_getTransactionReceipt
[2024/02/27 00:13:17.725] - eth_getBlockByNumber
[2024/02/27 00:13:17.730] - eth_getBlockByNumber
[2024/02/27 00:13:18.097] - eth_getTransactionReceipt
[2024/02/27 00:13:18.100] - eth_getBlockByNumber
[2024/02/27 00:13:18.105] - eth_getBlockByNumber
[2024/02/27 00:13:18.106] - eth_getTransactionReceipt
[2024/02/27 00:13:18.112] - eth_getBlockByNumber
[2024/02/27 00:13:18.115] - eth_getBlockByNumber
[2024/02/27 00:13:18.347] - eth_getTransactionReceipt
[2024/02/27 00:13:18.351] - eth_getBlockByNumber
[2024/02/27 00:13:18.356] - eth_getBlockByNumber
[2024/02/27 00:13:18.540] - eth_blockNumber
[2024/02/27 00:13:18.658] - eth_getTransactionReceipt
[2024/02/27 00:13:18.721] - eth_getTransactionReceipt
[2024/02/27 00:13:18.726] - eth_getBlockByNumber
[2024/02/27 00:13:18.731] - eth_getBlockByNumber
[2024/02/27 00:13:19.100] - eth_getTransactionReceipt
[2024/02/27 00:13:19.105] - eth_getBlockByNumber
[2024/02/27 00:13:19.107] - eth_getTransactionReceipt
[2024/02/27 00:13:19.114] - eth_getBlockByNumber
[2024/02/27 00:13:19.116] - eth_getBlockByNumber
[2024/02/27 00:13:19.119] - eth_getBlockByNumber
[2024/02/27 00:13:19.364] - eth_getTransactionReceipt
[2024/02/27 00:13:19.369] - eth_getBlockByNumber
[2024/02/27 00:13:19.373] - eth_getBlockByNumber
[2024/02/27 00:13:19.662] - eth_getTransactionReceipt
[2024/02/27 00:13:19.725] - eth_getTransactionReceipt
[2024/02/27 00:13:19.730] - eth_getBlockByNumber
[2024/02/27 00:13:19.734] - eth_getBlockByNumber
[2024/02/27 00:13:20.103] - eth_getTransactionReceipt
[2024/02/27 00:13:20.107] - eth_getBlockByNumber
[2024/02/27 00:13:20.109] - eth_getTransactionReceipt
[2024/02/27 00:13:20.112] - eth_getBlockByNumber
[2024/02/27 00:13:20.115] - eth_getBlockByNumber
[2024/02/27 00:13:20.121] - eth_getBlockByNumber
[2024/02/27 00:13:20.366] - eth_getTransactionReceipt
[2024/02/27 00:13:20.371] - eth_getBlockByNumber
[2024/02/27 00:13:20.374] - eth_getBlockByNumber
[2024/02/27 00:13:20.664] - eth_getTransactionReceipt
[2024/02/27 00:13:20.741] - eth_getTransactionReceipt
[2024/02/27 00:13:20.746] - eth_getBlockByNumber
[2024/02/27 00:13:20.753] - eth_getBlockByNumber
[2024/02/27 00:13:21.107] - eth_getTransactionReceipt
[2024/02/27 00:13:21.109] - eth_getTransactionReceipt
[2024/02/27 00:13:21.115] - eth_getBlockByNumber
[2024/02/27 00:13:21.121] - eth_getBlockByNumber
[2024/02/27 00:13:21.124] - eth_getBlockByNumber
[2024/02/27 00:13:21.129] - eth_getBlockByNumber
[2024/02/27 00:13:21.375] - eth_getTransactionReceipt
[2024/02/27 00:13:21.379] - eth_getBlockByNumber
[2024/02/27 00:13:21.384] - eth_getBlockByNumber
[2024/02/27 00:13:21.671] - eth_getTransactionReceipt
[2024/02/27 00:13:21.753] - eth_getTransactionReceipt
[2024/02/27 00:13:21.759] - eth_getBlockByNumber
[2024/02/27 00:13:21.765] - eth_getBlockByNumber
[2024/02/27 00:13:22.117] - eth_getTransactionReceipt
[2024/02/27 00:13:22.125] - eth_getTransactionReceipt
[2024/02/27 00:13:22.129] - eth_getBlockByNumber
[2024/02/27 00:13:22.133] - eth_getBlockByNumber
[2024/02/27 00:13:22.141] - eth_getBlockByNumber
[2024/02/27 00:13:22.149] - eth_getBlockByNumber
[2024/02/27 00:13:22.385] - eth_getTransactionReceipt
[2024/02/27 00:13:22.390] - eth_getBlockByNumber
[2024/02/27 00:13:22.395] - eth_getBlockByNumber
[2024/02/27 00:13:22.543] - eth_blockNumber
[2024/02/27 00:13:22.673] - eth_getTransactionReceipt
[2024/02/27 00:13:22.753] - eth_getTransactionReceipt
[2024/02/27 00:13:22.757] - eth_getBlockByNumber
[2024/02/27 00:13:22.763] - eth_getBlockByNumber
[2024/02/27 00:13:23.122] - eth_getTransactionReceipt
[2024/02/27 00:13:23.128] - eth_getBlockByNumber
[2024/02/27 00:13:23.131] - eth_getTransactionReceipt
[2024/02/27 00:13:23.135] - eth_getBlockByNumber
[2024/02/27 00:13:23.139] - eth_getBlockByNumber
[2024/02/27 00:13:23.145] - eth_getBlockByNumber
[2024/02/27 00:13:23.387] - eth_getTransactionReceipt
[2024/02/27 00:13:23.392] - eth_getBlockByNumber
[2024/02/27 00:13:23.398] - eth_getBlockByNumber
[2024/02/27 00:13:23.689] - eth_getTransactionReceipt
[2024/02/27 00:13:23.762] - eth_getTransactionReceipt
[2024/02/27 00:13:23.767] - eth_getBlockByNumber
[2024/02/27 00:13:23.774] - eth_getBlockByNumber
[2024/02/27 00:13:24.131] - eth_getTransactionReceipt
[2024/02/27 00:13:24.137] - eth_getBlockByNumber
[2024/02/27 00:13:24.139] - eth_getTransactionReceipt
[2024/02/27 00:13:24.146] - eth_getBlockByNumber
[2024/02/27 00:13:24.150] - eth_getBlockByNumber
[2024/02/27 00:13:24.156] - eth_getBlockByNumber
[2024/02/27 00:13:24.391] - eth_getTransactionReceipt
[2024/02/27 00:13:24.397] - eth_getBlockByNumber
[2024/02/27 00:13:24.409] - eth_getBlockByNumber
[2024/02/27 00:13:24.733] - eth_getTransactionReceipt
[2024/02/27 00:13:24.773] - eth_getTransactionReceipt
[2024/02/27 00:13:24.785] - eth_getBlockByNumber
[2024/02/27 00:13:24.795] - eth_getBlockByNumber
[2024/02/27 00:13:25.137] - eth_getTransactionReceipt
[2024/02/27 00:13:25.139] - eth_getTransactionReceipt
[2024/02/27 00:13:25.147] - eth_getBlockByNumber
[2024/02/27 00:13:25.150] - eth_getBlockByNumber
[2024/02/27 00:13:25.155] - eth_getBlockByNumber
[2024/02/27 00:13:25.158] - eth_getBlockByNumber
[2024/02/27 00:13:25.408] - eth_getTransactionReceipt
[2024/02/27 00:13:25.419] - eth_getBlockByNumber
[2024/02/27 00:13:25.426] - eth_getBlockByNumber
[2024/02/27 00:13:25.736] - eth_getTransactionReceipt
[2024/02/27 00:13:25.780] - eth_getTransactionReceipt
[2024/02/27 00:13:25.786] - eth_getBlockByNumber
[2024/02/27 00:13:25.792] - eth_getBlockByNumber
[2024/02/27 00:13:26.160] - eth_getTransactionReceipt
[2024/02/27 00:13:26.161] - eth_getTransactionReceipt
[2024/02/27 00:13:26.194] - eth_getBlockByNumber
[2024/02/27 00:13:26.278] - eth_getBlockByNumber
[2024/02/27 00:13:26.279] - eth_getBlockByNumber
[2024/02/27 00:13:26.286] - eth_getBlockByNumber
[2024/02/27 00:13:26.409] - eth_getTransactionReceipt
[2024/02/27 00:13:26.415] - eth_getBlockByNumber
[2024/02/27 00:13:26.422] - eth_getBlockByNumber
[2024/02/27 00:13:26.560] - eth_blockNumber
[2024/02/27 00:13:26.763] - eth_getTransactionReceipt
[2024/02/27 00:13:26.780] - eth_getTransactionReceipt
[2024/02/27 00:13:26.787] - eth_getBlockByNumber
[2024/02/27 00:13:26.792] - eth_getBlockByNumber
[2024/02/27 00:13:27.226] - eth_getTransactionReceipt
[2024/02/27 00:13:27.247] - eth_getTransactionReceipt
[2024/02/27 00:13:27.268] - eth_getBlockByNumber
[2024/02/27 00:13:27.278] - eth_getBlockByNumber
[2024/02/27 00:13:27.283] - eth_getBlockByNumber
[2024/02/27 00:13:27.291] - eth_getBlockByNumber
[2024/02/27 00:13:27.547] - eth_getTransactionReceipt
[2024/02/27 00:13:27.565] - eth_getBlockByNumber
[2024/02/27 00:13:27.570] - eth_getBlockByNumber
[2024/02/27 00:13:27.775] - eth_getTransactionReceipt
[2024/02/27 00:13:27.780] - eth_getTransactionReceipt
[2024/02/27 00:13:27.785] - eth_getBlockByNumber
[2024/02/27 00:13:27.789] - eth_getBlockByNumber
[2024/02/27 00:13:28.231] - eth_getTransactionReceipt
[2024/02/27 00:13:28.235] - eth_getBlockByNumber
[2024/02/27 00:13:28.241] - eth_getBlockByNumber
[2024/02/27 00:13:28.258] - eth_getTransactionReceipt
[2024/02/27 00:13:28.264] - eth_getBlockByNumber
[2024/02/27 00:13:28.270] - eth_getBlockByNumber
[2024/02/27 00:13:28.551] - eth_getTransactionReceipt
[2024/02/27 00:13:28.573] - eth_getBlockByNumber
[2024/02/27 00:13:28.593] - eth_getBlockByNumber
[2024/02/27 00:13:28.779] - eth_getTransactionReceipt
[2024/02/27 00:13:28.784] - eth_getTransactionReceipt
[2024/02/27 00:13:28.789] - eth_getBlockByNumber
[2024/02/27 00:13:28.796] - eth_getBlockByNumber
[2024/02/27 00:13:29.238] - eth_getTransactionReceipt
[2024/02/27 00:13:29.245] - eth_getBlockByNumber
[2024/02/27 00:13:29.254] - eth_getBlockByNumber
[2024/02/27 00:13:29.260] - eth_getTransactionReceipt
[2024/02/27 00:13:29.266] - eth_getBlockByNumber
[2024/02/27 00:13:29.270] - eth_getBlockByNumber
[2024/02/27 00:13:29.623] - eth_getTransactionReceipt
[2024/02/27 00:13:29.629] - eth_getBlockByNumber
[2024/02/27 00:13:29.635] - eth_getBlockByNumber
[2024/02/27 00:13:29.838] - eth_getTransactionReceipt
[2024/02/27 00:13:29.842] - eth_getTransactionReceipt
[2024/02/27 00:13:29.874] - eth_getBlockByNumber
[2024/02/27 00:13:29.882] - eth_getBlockByNumber
[2024/02/27 00:13:30.241] - eth_getTransactionReceipt
[2024/02/27 00:13:30.246] - eth_getBlockByNumber
[2024/02/27 00:13:30.251] - eth_getBlockByNumber
[2024/02/27 00:13:30.265] - eth_getTransactionReceipt
[2024/02/27 00:13:30.272] - eth_getBlockByNumber
[2024/02/27 00:13:30.277] - eth_getBlockByNumber
[2024/02/27 00:13:30.561] - eth_blockNumber
[2024/02/27 00:13:30.624] - eth_getTransactionReceipt
[2024/02/27 00:13:30.629] - eth_getBlockByNumber
[2024/02/27 00:13:30.635] - eth_getBlockByNumber
[2024/02/27 00:13:30.849] - eth_getTransactionReceipt
[2024/02/27 00:13:30.851] - eth_getTransactionReceipt
[2024/02/27 00:13:30.858] - eth_getBlockByNumber
[2024/02/27 00:13:30.867] - eth_getBlockByNumber
[2024/02/27 00:13:31.246] - eth_getTransactionReceipt
[2024/02/27 00:13:31.256] - eth_getBlockByNumber
[2024/02/27 00:13:31.261] - eth_getBlockByNumber
[2024/02/27 00:13:31.266] - eth_getTransactionReceipt
[2024/02/27 00:13:31.272] - eth_getBlockByNumber
[2024/02/27 00:13:31.277] - eth_getBlockByNumber
[2024/02/27 00:13:31.630] - eth_getTransactionReceipt
[2024/02/27 00:13:31.638] - eth_getBlockByNumber
[2024/02/27 00:13:31.643] - eth_getBlockByNumber
[2024/02/27 00:13:31.854] - eth_getTransactionReceipt
[2024/02/27 00:13:31.856] - eth_getTransactionReceipt
[2024/02/27 00:13:31.868] - eth_getBlockByNumber
[2024/02/27 00:13:31.873] - eth_getBlockByNumber
[2024/02/27 00:13:32.246] - eth_getTransactionReceipt
[2024/02/27 00:13:32.253] - eth_getBlockByNumber
[2024/02/27 00:13:32.260] - eth_getBlockByNumber
[2024/02/27 00:13:32.266] - eth_getTransactionReceipt
[2024/02/27 00:13:32.272] - eth_getBlockByNumber
[2024/02/27 00:13:32.278] - eth_getBlockByNumber
[2024/02/27 00:13:32.639] - eth_getTransactionReceipt
[2024/02/27 00:13:32.646] - eth_getBlockByNumber
[2024/02/27 00:13:32.652] - eth_getBlockByNumber
[2024/02/27 00:13:32.873] - eth_getTransactionReceipt
[2024/02/27 00:13:32.878] - eth_getTransactionReceipt
[2024/02/27 00:13:32.886] - eth_getBlockByNumber
[2024/02/27 00:13:32.896] - eth_getBlockByNumber
[2024/02/27 00:13:33.258] - eth_getTransactionReceipt
[2024/02/27 00:13:33.262] - eth_getBlockByNumber
[2024/02/27 00:13:33.266] - eth_getBlockByNumber
[2024/02/27 00:13:33.268] - eth_getTransactionReceipt
[2024/02/27 00:13:33.273] - eth_getBlockByNumber
[2024/02/27 00:13:33.278] - eth_getBlockByNumber
[2024/02/27 00:13:33.641] - eth_getTransactionReceipt
[2024/02/27 00:13:33.645] - eth_getBlockByNumber
[2024/02/27 00:13:33.649] - eth_getBlockByNumber
[2024/02/27 00:13:33.874] - eth_getTransactionReceipt
[2024/02/27 00:13:33.881] - eth_getTransactionReceipt
[2024/02/27 00:13:33.886] - eth_getBlockByNumber
[2024/02/27 00:13:33.892] - eth_getBlockByNumber
[2024/02/27 00:13:34.268] - eth_getTransactionReceipt
[2024/02/27 00:13:34.269] - eth_getTransactionReceipt
[2024/02/27 00:13:34.274] - eth_getBlockByNumber
[2024/02/27 00:13:34.278] - eth_getBlockByNumber
[2024/02/27 00:13:34.282] - eth_getBlockByNumber
[2024/02/27 00:13:34.285] - eth_getBlockByNumber
[2024/02/27 00:13:34.566] - eth_blockNumber
[2024/02/27 00:13:34.661] - eth_getTransactionReceipt
[2024/02/27 00:13:34.665] - eth_getBlockByNumber
[2024/02/27 00:13:34.670] - eth_getBlockByNumber
[2024/02/27 00:13:34.888] - eth_getTransactionReceipt
[2024/02/27 00:13:34.897] - eth_getTransactionReceipt
[2024/02/27 00:13:34.925] - eth_getBlockByNumber
[2024/02/27 00:13:34.932] - eth_getBlockByNumber
[2024/02/27 00:13:35.274] - eth_getTransactionReceipt
[2024/02/27 00:13:35.278] - eth_getTransactionReceipt
[2024/02/27 00:13:35.285] - eth_getBlockByNumber
[2024/02/27 00:13:35.289] - eth_getBlockByNumber
[2024/02/27 00:13:35.294] - eth_getBlockByNumber
[2024/02/27 00:13:35.298] - eth_getBlockByNumber
[2024/02/27 00:13:35.666] - eth_getTransactionReceipt
[2024/02/27 00:13:35.671] - eth_getBlockByNumber
[2024/02/27 00:13:35.676] - eth_getBlockByNumber
[2024/02/27 00:13:35.895] - eth_getTransactionReceipt
[2024/02/27 00:13:35.900] - eth_getTransactionReceipt
[2024/02/27 00:13:35.908] - eth_getBlockByNumber
[2024/02/27 00:13:35.914] - eth_getBlockByNumber
[2024/02/27 00:13:36.281] - eth_getTransactionReceipt
[2024/02/27 00:13:36.282] - eth_getTransactionReceipt
[2024/02/27 00:13:36.288] - eth_getBlockByNumber
[2024/02/27 00:13:36.291] - eth_getBlockByNumber
[2024/02/27 00:13:36.296] - eth_getBlockByNumber
[2024/02/27 00:13:36.301] - eth_getBlockByNumber
[2024/02/27 00:13:36.679] - eth_getTransactionReceipt
[2024/02/27 00:13:36.689] - eth_getBlockByNumber
[2024/02/27 00:13:36.694] - eth_getBlockByNumber
[2024/02/27 00:13:36.907] - eth_getTransactionReceipt
[2024/02/27 00:13:36.909] - eth_getTransactionReceipt
[2024/02/27 00:13:36.916] - eth_getBlockByNumber
[2024/02/27 00:13:36.921] - eth_getBlockByNumber
[2024/02/27 00:13:37.301] - eth_getTransactionReceipt
[2024/02/27 00:13:37.302] - eth_getTransactionReceipt
[2024/02/27 00:13:37.308] - eth_getBlockByNumber
[2024/02/27 00:13:37.311] - eth_getBlockByNumber
[2024/02/27 00:13:37.314] - eth_getBlockByNumber
[2024/02/27 00:13:37.317] - eth_getBlockByNumber
[2024/02/27 00:13:37.685] - eth_getTransactionReceipt
[2024/02/27 00:13:37.689] - eth_getBlockByNumber
[2024/02/27 00:13:37.694] - eth_getBlockByNumber
[2024/02/27 00:13:37.917] - eth_getTransactionReceipt
[2024/02/27 00:13:37.920] - eth_getTransactionReceipt
[2024/02/27 00:13:37.928] - eth_getBlockByNumber
[2024/02/27 00:13:37.932] - eth_getBlockByNumber
[2024/02/27 00:13:38.311] - eth_getTransactionReceipt
[2024/02/27 00:13:38.314] - eth_getTransactionReceipt
[2024/02/27 00:13:38.317] - eth_getBlockByNumber
[2024/02/27 00:13:38.324] - eth_getBlockByNumber
[2024/02/27 00:13:38.328] - eth_getBlockByNumber
[2024/02/27 00:13:38.331] - eth_getBlockByNumber
[2024/02/27 00:13:38.582] - eth_blockNumber
[2024/02/27 00:13:38.696] - eth_getTransactionReceipt
[2024/02/27 00:13:38.705] - eth_getBlockByNumber
[2024/02/27 00:13:38.715] - eth_getBlockByNumber
[2024/02/27 00:13:38.932] - eth_getTransactionReceipt
[2024/02/27 00:13:38.934] - eth_getTransactionReceipt
[2024/02/27 00:13:38.941] - eth_getBlockByNumber
[2024/02/27 00:13:38.946] - eth_getBlockByNumber
[2024/02/27 00:13:39.321] - eth_getTransactionReceipt
[2024/02/27 00:13:39.323] - eth_getTransactionReceipt
[2024/02/27 00:13:39.327] - eth_getBlockByNumber
[2024/02/27 00:13:39.330] - eth_getBlockByNumber
[2024/02/27 00:13:39.335] - eth_getBlockByNumber
[2024/02/27 00:13:39.339] - eth_getBlockByNumber
[2024/02/27 00:13:39.662] - 
  Transaction: 0x08d7d7d6cfe84cd300abcfe6b18e8b08e1f654f767d173fb5da75ef46685c309
  Contract created: 0x2669fdf385bc1aa93df76755066bee72d5b76c46
  Gas usage: 2444192
  Block number: 15
  Block time: Tue Feb 27 2024 00:13:39 GMT+0530 (India Standard Time)

[2024/02/27 00:13:39.667] - eth_getBlockByNumber
[2024/02/27 00:13:39.697] - eth_getTransactionReceipt
[2024/02/27 00:13:39.702] - eth_getBlockByNumber
[2024/02/27 00:13:39.707] - eth_getBlockByNumber
[2024/02/27 00:13:39.774] - eth_getBalance
[2024/02/27 00:13:39.820] - eth_getTransactionCount
[2024/02/27 00:13:39.860] - eth_getBalance
[2024/02/27 00:13:39.886] - eth_getTransactionCount
[2024/02/27 00:13:39.917] - eth_getBalance
[2024/02/27 00:13:39.940] - eth_getTransactionReceipt
[2024/02/27 00:13:39.941] - eth_getTransactionReceipt
[2024/02/27 00:13:39.947] - eth_getBlockByNumber
[2024/02/27 00:13:39.950] - eth_getBlockByNumber
[2024/02/27 00:13:39.953] - eth_getBlockByNumber
[2024/02/27 00:13:39.955] - eth_getTransactionCount
[2024/02/27 00:13:39.972] - eth_getBlockByNumber
[2024/02/27 00:13:39.974] - eth_getCode
[2024/02/27 00:13:39.990] - eth_getTransactionByHash
[2024/02/27 00:13:40.001] - eth_getBlockByNumber
[2024/02/27 00:13:40.016] - eth_getBalance
[2024/02/27 00:13:40.020] - eth_getBalance
[2024/02/27 00:13:40.065] - eth_getBlockByNumber
[2024/02/27 00:13:40.072] - eth_getBlockByNumber
[2024/02/27 00:13:40.080] - eth_estimateGas
[2024/02/27 00:13:40.084] - eth_getTransactionCount
[2024/02/27 00:13:40.136] - eth_getBalance
[2024/02/27 00:13:40.141] - eth_getBlockByNumber
[2024/02/27 00:13:40.147] - eth_gasPrice
[2024/02/27 00:13:40.157] - eth_sendTransaction
[2024/02/27 00:13:40.168] - eth_getTransactionReceipt
[2024/02/27 00:13:40.186] - eth_getTransactionCount
[2024/02/27 00:13:40.251] - eth_getBalance
[2024/02/27 00:13:40.281] - eth_getTransactionCount
[2024/02/27 00:13:40.316] - eth_getBalance
[2024/02/27 00:13:40.324] - eth_getTransactionReceipt
[2024/02/27 00:13:40.325] - eth_getTransactionReceipt
[2024/02/27 00:13:40.334] - eth_getBlockByNumber
[2024/02/27 00:13:40.349] - eth_getBlockByNumber
[2024/02/27 00:13:40.362] - eth_getBlockByNumber
[2024/02/27 00:13:40.364] - eth_getTransactionCount
[2024/02/27 00:13:40.380] - eth_getBlockByNumber
[2024/02/27 00:13:40.471] - eth_getBalance
[2024/02/27 00:13:40.514] - eth_getTransactionCount
[2024/02/27 00:13:40.563] - eth_getBalance
[2024/02/27 00:13:40.602] - eth_getTransactionCount
[2024/02/27 00:13:40.644] - eth_getBalance
[2024/02/27 00:13:40.689] - eth_getTransactionCount
[2024/02/27 00:13:40.710] - eth_getTransactionReceipt
[2024/02/27 00:13:40.729] - eth_getBlockByNumber
[2024/02/27 00:13:40.737] - eth_getBlockByNumber
[2024/02/27 00:13:40.986] - eth_getTransactionReceipt
[2024/02/27 00:13:40.988] - eth_getTransactionReceipt
[2024/02/27 00:13:41.119] - eth_getBlockByNumber
[2024/02/27 00:13:41.124] - eth_getBlockByNumber
[2024/02/27 00:13:41.142] - eth_getBlockByNumber
[2024/02/27 00:13:41.152] - eth_getBlockByNumber
[2024/02/27 00:13:41.176] - eth_getTransactionReceipt
[2024/02/27 00:13:41.337] - eth_getTransactionReceipt
[2024/02/27 00:13:41.339] - eth_getTransactionReceipt
[2024/02/27 00:13:41.342] - eth_getBlockByNumber
[2024/02/27 00:13:41.347] - eth_getBlockByNumber
[2024/02/27 00:13:41.353] - eth_getBlockByNumber
[2024/02/27 00:13:41.357] - eth_getBlockByNumber
[2024/02/27 00:13:41.719] - eth_getTransactionReceipt
[2024/02/27 00:13:41.724] - eth_getBlockByNumber
[2024/02/27 00:13:41.729] - eth_getBlockByNumber
[2024/02/27 00:13:41.987] - eth_getTransactionReceipt
[2024/02/27 00:13:41.988] - eth_getTransactionReceipt
[2024/02/27 00:13:41.994] - eth_getBlockByNumber
[2024/02/27 00:13:41.996] - eth_getBlockByNumber
[2024/02/27 00:13:42.000] - eth_getBlockByNumber
[2024/02/27 00:13:42.003] - eth_getBlockByNumber
[2024/02/27 00:13:42.177] - eth_getTransactionReceipt
[2024/02/27 00:13:42.344] - eth_getTransactionReceipt
[2024/02/27 00:13:42.346] - eth_getTransactionReceipt
[2024/02/27 00:13:42.352] - eth_getBlockByNumber
[2024/02/27 00:13:42.357] - eth_getBlockByNumber
[2024/02/27 00:13:42.360] - eth_getBlockByNumber
[2024/02/27 00:13:42.368] - eth_getBlockByNumber
[2024/02/27 00:13:42.728] - eth_getTransactionReceipt
[2024/02/27 00:13:42.746] - eth_getBlockByNumber
[2024/02/27 00:13:42.753] - eth_getBlockByNumber
[2024/02/27 00:13:42.988] - eth_getTransactionReceipt
[2024/02/27 00:13:42.992] - eth_getTransactionReceipt
[2024/02/27 00:13:42.996] - eth_getBlockByNumber
[2024/02/27 00:13:43.010] - eth_getBlockByNumber
[2024/02/27 00:13:43.014] - eth_getBlockByNumber
[2024/02/27 00:13:43.017] - eth_getBlockByNumber
[2024/02/27 00:13:43.186] - eth_getTransactionReceipt
[2024/02/27 00:13:43.355] - eth_getTransactionReceipt
[2024/02/27 00:13:43.357] - eth_getTransactionReceipt
[2024/02/27 00:13:43.361] - eth_getBlockByNumber
[2024/02/27 00:13:43.364] - eth_getBlockByNumber
[2024/02/27 00:13:43.367] - eth_getBlockByNumber
[2024/02/27 00:13:43.370] - eth_getBlockByNumber
[2024/02/27 00:13:43.733] - eth_getTransactionReceipt
[2024/02/27 00:13:43.737] - eth_getBlockByNumber
[2024/02/27 00:13:43.741] - eth_getBlockByNumber
[2024/02/27 00:13:43.995] - eth_getTransactionReceipt
[2024/02/27 00:13:43.998] - eth_getTransactionReceipt
[2024/02/27 00:13:44.001] - eth_getBlockByNumber
[2024/02/27 00:13:44.004] - eth_getBlockByNumber
[2024/02/27 00:13:44.007] - eth_getBlockByNumber
[2024/02/27 00:13:44.011] - eth_getBlockByNumber
[2024/02/27 00:13:44.185] - eth_getTransactionReceipt
[2024/02/27 00:13:44.366] - eth_getTransactionReceipt
[2024/02/27 00:13:44.367] - eth_getTransactionReceipt
[2024/02/27 00:13:44.371] - eth_getBlockByNumber
[2024/02/27 00:13:44.374] - eth_getBlockByNumber
[2024/02/27 00:13:44.377] - eth_getBlockByNumber
[2024/02/27 00:13:44.379] - eth_getBlockByNumber
[2024/02/27 00:13:44.746] - eth_getTransactionReceipt
[2024/02/27 00:13:44.751] - eth_getBlockByNumber
[2024/02/27 00:13:44.755] - eth_getBlockByNumber
[2024/02/27 00:13:44.997] - eth_getTransactionReceipt
[2024/02/27 00:13:44.998] - eth_getTransactionReceipt
[2024/02/27 00:13:45.003] - eth_getBlockByNumber
[2024/02/27 00:13:45.006] - eth_getBlockByNumber
[2024/02/27 00:13:45.009] - eth_getBlockByNumber
[2024/02/27 00:13:45.012] - eth_getBlockByNumber
[2024/02/27 00:13:45.193] - eth_getTransactionReceipt
[2024/02/27 00:13:45.380] - eth_getTransactionReceipt
[2024/02/27 00:13:45.386] - eth_getTransactionReceipt
[2024/02/27 00:13:45.400] - eth_getBlockByNumber
[2024/02/27 00:13:45.406] - eth_getBlockByNumber
[2024/02/27 00:13:45.411] - eth_getBlockByNumber
[2024/02/27 00:13:45.416] - eth_getBlockByNumber
[2024/02/27 00:13:45.759] - eth_getTransactionReceipt
[2024/02/27 00:13:45.763] - eth_getBlockByNumber
[2024/02/27 00:13:45.768] - eth_getBlockByNumber
[2024/02/27 00:13:46.012] - eth_getTransactionReceipt
[2024/02/27 00:13:46.014] - eth_getTransactionReceipt
[2024/02/27 00:13:46.019] - eth_getBlockByNumber
[2024/02/27 00:13:46.021] - eth_getBlockByNumber
[2024/02/27 00:13:46.024] - eth_getBlockByNumber
[2024/02/27 00:13:46.027] - eth_getBlockByNumber
[2024/02/27 00:13:46.200] - eth_getTransactionReceipt
[2024/02/27 00:13:46.387] - eth_getTransactionReceipt
[2024/02/27 00:13:46.389] - eth_getTransactionReceipt
[2024/02/27 00:13:46.393] - eth_getBlockByNumber
[2024/02/27 00:13:46.396] - eth_getBlockByNumber
[2024/02/27 00:13:46.399] - eth_getBlockByNumber
[2024/02/27 00:13:46.402] - eth_getBlockByNumber
[2024/02/27 00:13:46.766] - eth_getTransactionReceipt
[2024/02/27 00:13:46.770] - eth_getBlockByNumber
[2024/02/27 00:13:46.774] - eth_getBlockByNumber
[2024/02/27 00:13:47.034] - eth_getTransactionReceipt
[2024/02/27 00:13:47.036] - eth_getTransactionReceipt
[2024/02/27 00:13:47.040] - eth_getBlockByNumber
[2024/02/27 00:13:47.043] - eth_getBlockByNumber
[2024/02/27 00:13:47.046] - eth_getBlockByNumber
[2024/02/27 00:13:47.048] - eth_getBlockByNumber
[2024/02/27 00:13:47.208] - eth_getTransactionReceipt
[2024/02/27 00:13:47.395] - eth_getTransactionReceipt
[2024/02/27 00:13:47.396] - eth_getTransactionReceipt
[2024/02/27 00:13:47.401] - eth_getBlockByNumber
[2024/02/27 00:13:47.403] - eth_getBlockByNumber
[2024/02/27 00:13:47.406] - eth_getBlockByNumber
[2024/02/27 00:13:47.409] - eth_getBlockByNumber
[2024/02/27 00:13:47.769] - eth_getTransactionReceipt
[2024/02/27 00:13:47.775] - eth_getBlockByNumber
[2024/02/27 00:13:47.780] - eth_getBlockByNumber
[2024/02/27 00:13:48.043] - eth_getTransactionReceipt
[2024/02/27 00:13:48.045] - eth_getTransactionReceipt
[2024/02/27 00:13:48.050] - eth_getBlockByNumber
[2024/02/27 00:13:48.052] - eth_getBlockByNumber
[2024/02/27 00:13:48.055] - eth_getBlockByNumber
[2024/02/27 00:13:48.058] - eth_getBlockByNumber
[2024/02/27 00:13:48.218] - eth_getTransactionReceipt
[2024/02/27 00:13:48.406] - eth_getTransactionReceipt
[2024/02/27 00:13:48.408] - eth_getTransactionReceipt
[2024/02/27 00:13:48.412] - eth_getBlockByNumber
[2024/02/27 00:13:48.415] - eth_getBlockByNumber
[2024/02/27 00:13:48.418] - eth_getBlockByNumber
[2024/02/27 00:13:48.421] - eth_getBlockByNumber
[2024/02/27 00:13:48.780] - eth_getTransactionReceipt
[2024/02/27 00:13:48.785] - eth_getBlockByNumber
[2024/02/27 00:13:48.790] - eth_getBlockByNumber
[2024/02/27 00:13:49.046] - eth_getTransactionReceipt
[2024/02/27 00:13:49.048] - eth_getTransactionReceipt
[2024/02/27 00:13:49.052] - eth_getBlockByNumber
[2024/02/27 00:13:49.055] - eth_getBlockByNumber
[2024/02/27 00:13:49.057] - eth_getBlockByNumber
[2024/02/27 00:13:49.060] - eth_getBlockByNumber
[2024/02/27 00:13:49.223] - eth_getTransactionReceipt
[2024/02/27 00:13:49.419] - eth_getTransactionReceipt
[2024/02/27 00:13:49.420] - eth_getTransactionReceipt
[2024/02/27 00:13:49.424] - eth_getBlockByNumber
[2024/02/27 00:13:49.429] - eth_getBlockByNumber
[2024/02/27 00:13:49.432] - eth_getBlockByNumber
[2024/02/27 00:13:49.434] - eth_getBlockByNumber
[2024/02/27 00:13:49.788] - eth_getTransactionReceipt
[2024/02/27 00:13:49.793] - eth_getBlockByNumber
[2024/02/27 00:13:49.800] - eth_getBlockByNumber
[2024/02/27 00:13:50.051] - eth_getTransactionReceipt
[2024/02/27 00:13:50.052] - eth_getTransactionReceipt
[2024/02/27 00:13:50.056] - eth_getBlockByNumber
[2024/02/27 00:13:50.059] - eth_getBlockByNumber
[2024/02/27 00:13:50.061] - eth_getBlockByNumber
[2024/02/27 00:13:50.064] - eth_getBlockByNumber
[2024/02/27 00:13:50.224] - eth_getTransactionReceipt
[2024/02/27 00:13:50.422] - eth_getTransactionReceipt
[2024/02/27 00:13:50.425] - eth_getTransactionReceipt
[2024/02/27 00:13:50.428] - eth_getBlockByNumber
[2024/02/27 00:13:50.431] - eth_getBlockByNumber
[2024/02/27 00:13:50.434] - eth_getBlockByNumber
[2024/02/27 00:13:50.438] - eth_getBlockByNumber
[2024/02/27 00:13:50.792] - eth_getTransactionReceipt
[2024/02/27 00:13:50.797] - eth_getBlockByNumber
[2024/02/27 00:13:50.801] - eth_getBlockByNumber
[2024/02/27 00:13:51.062] - eth_getTransactionReceipt
[2024/02/27 00:13:51.064] - eth_getTransactionReceipt
[2024/02/27 00:13:51.073] - eth_getBlockByNumber
[2024/02/27 00:13:51.074] - eth_getBlockByNumber
[2024/02/27 00:13:51.078] - eth_getBlockByNumber
[2024/02/27 00:13:51.081] - eth_getBlockByNumber
[2024/02/27 00:13:51.282] - eth_getTransactionReceipt
[2024/02/27 00:13:51.424] - eth_getTransactionReceipt
[2024/02/27 00:13:51.430] - eth_getTransactionReceipt
[2024/02/27 00:13:51.432] - eth_getBlockByNumber
[2024/02/27 00:13:51.437] - eth_getBlockByNumber
[2024/02/27 00:13:51.444] - eth_getBlockByNumber
[2024/02/27 00:13:51.450] - eth_getBlockByNumber
[2024/02/27 00:13:51.804] - eth_getTransactionReceipt
[2024/02/27 00:13:51.807] - eth_getBlockByNumber
[2024/02/27 00:13:51.811] - eth_getBlockByNumber
[2024/02/27 00:13:52.067] - eth_getTransactionReceipt
[2024/02/27 00:13:52.070] - eth_getTransactionReceipt
[2024/02/27 00:13:52.073] - eth_getBlockByNumber
[2024/02/27 00:13:52.076] - eth_getBlockByNumber
[2024/02/27 00:13:52.080] - eth_getBlockByNumber
[2024/02/27 00:13:52.083] - eth_getBlockByNumber
[2024/02/27 00:13:52.286] - eth_getTransactionReceipt
[2024/02/27 00:13:52.430] - eth_getTransactionReceipt
[2024/02/27 00:13:52.431] - eth_getTransactionReceipt
[2024/02/27 00:13:52.435] - eth_getBlockByNumber
[2024/02/27 00:13:52.438] - eth_getBlockByNumber
[2024/02/27 00:13:52.441] - eth_getBlockByNumber
[2024/02/27 00:13:52.443] - eth_getBlockByNumber
[2024/02/27 00:13:52.810] - eth_getTransactionReceipt
[2024/02/27 00:13:52.814] - eth_getBlockByNumber
[2024/02/27 00:13:52.818] - eth_getBlockByNumber
[2024/02/27 00:13:53.080] - eth_getTransactionReceipt
[2024/02/27 00:13:53.082] - eth_getTransactionReceipt
[2024/02/27 00:13:53.087] - eth_getBlockByNumber
[2024/02/27 00:13:53.091] - eth_getBlockByNumber
[2024/02/27 00:13:53.094] - eth_getBlockByNumber
[2024/02/27 00:13:53.097] - eth_getBlockByNumber
[2024/02/27 00:13:53.289] - eth_getTransactionReceipt
[2024/02/27 00:13:53.429] - eth_getTransactionReceipt
[2024/02/27 00:13:53.431] - eth_getTransactionReceipt
[2024/02/27 00:13:53.436] - eth_getBlockByNumber
[2024/02/27 00:13:53.440] - eth_getBlockByNumber
[2024/02/27 00:13:53.442] - eth_getBlockByNumber
[2024/02/27 00:13:53.445] - eth_getBlockByNumber
[2024/02/27 00:13:53.815] - eth_getTransactionReceipt
[2024/02/27 00:13:53.818] - eth_getBlockByNumber
[2024/02/27 00:13:53.822] - eth_getBlockByNumber
[2024/02/27 00:13:54.085] - eth_getTransactionReceipt
[2024/02/27 00:13:54.087] - eth_getTransactionReceipt
[2024/02/27 00:13:54.091] - eth_getBlockByNumber
[2024/02/27 00:13:54.094] - eth_getBlockByNumber
[2024/02/27 00:13:54.097] - eth_getBlockByNumber
[2024/02/27 00:13:54.100] - eth_getBlockByNumber
[2024/02/27 00:13:54.302] - eth_getTransactionReceipt
[2024/02/27 00:13:54.442] - eth_getTransactionReceipt
[2024/02/27 00:13:54.443] - eth_getTransactionReceipt
[2024/02/27 00:13:54.448] - eth_getBlockByNumber
[2024/02/27 00:13:54.450] - eth_getBlockByNumber
[2024/02/27 00:13:54.453] - eth_getBlockByNumber
[2024/02/27 00:13:54.456] - eth_getBlockByNumber
[2024/02/27 00:13:54.817] - eth_getTransactionReceipt
[2024/02/27 00:13:54.821] - eth_getBlockByNumber
[2024/02/27 00:13:54.826] - eth_getBlockByNumber
[2024/02/27 00:13:55.086] - eth_getTransactionReceipt
[2024/02/27 00:13:55.087] - eth_getTransactionReceipt
[2024/02/27 00:13:55.092] - eth_getBlockByNumber
[2024/02/27 00:13:55.095] - eth_getBlockByNumber
[2024/02/27 00:13:55.098] - eth_getBlockByNumber
[2024/02/27 00:13:55.101] - eth_getBlockByNumber
[2024/02/27 00:13:55.313] - eth_getTransactionReceipt
[2024/02/27 00:13:55.451] - eth_getTransactionReceipt
[2024/02/27 00:13:55.453] - eth_getTransactionReceipt
[2024/02/27 00:13:55.458] - eth_getBlockByNumber
[2024/02/27 00:13:55.461] - eth_getBlockByNumber
[2024/02/27 00:13:55.463] - eth_getBlockByNumber
[2024/02/27 00:13:55.466] - eth_getBlockByNumber
[2024/02/27 00:13:55.830] - eth_getTransactionReceipt
[2024/02/27 00:13:55.835] - eth_getBlockByNumber
[2024/02/27 00:13:55.841] - eth_getBlockByNumber
[2024/02/27 00:13:56.090] - eth_getTransactionReceipt
[2024/02/27 00:13:56.092] - eth_getTransactionReceipt
[2024/02/27 00:13:56.097] - eth_getBlockByNumber
[2024/02/27 00:13:56.099] - eth_getBlockByNumber
[2024/02/27 00:13:56.102] - eth_getBlockByNumber
[2024/02/27 00:13:56.104] - eth_getBlockByNumber
[2024/02/27 00:13:56.321] - eth_getTransactionReceipt
[2024/02/27 00:13:56.459] - eth_getTransactionReceipt
[2024/02/27 00:13:56.460] - eth_getTransactionReceipt
[2024/02/27 00:13:56.464] - eth_getBlockByNumber
[2024/02/27 00:13:56.467] - eth_getBlockByNumber
[2024/02/27 00:13:56.469] - eth_getBlockByNumber
[2024/02/27 00:13:56.472] - eth_getBlockByNumber
[2024/02/27 00:13:56.834] - eth_getTransactionReceipt
[2024/02/27 00:13:56.838] - eth_getBlockByNumber
[2024/02/27 00:13:56.844] - eth_getBlockByNumber
[2024/02/27 00:13:57.101] - eth_getTransactionReceipt
[2024/02/27 00:13:57.103] - eth_getTransactionReceipt
[2024/02/27 00:13:57.108] - eth_getBlockByNumber
[2024/02/27 00:13:57.111] - eth_getBlockByNumber
[2024/02/27 00:13:57.114] - eth_getBlockByNumber
[2024/02/27 00:13:57.122] - eth_getBlockByNumber
[2024/02/27 00:13:57.332] - eth_getTransactionReceipt
[2024/02/27 00:13:57.459] - eth_getTransactionReceipt
[2024/02/27 00:13:57.461] - eth_getTransactionReceipt
[2024/02/27 00:13:57.464] - eth_getBlockByNumber
[2024/02/27 00:13:57.468] - eth_getBlockByNumber
[2024/02/27 00:13:57.472] - eth_getBlockByNumber
[2024/02/27 00:13:57.474] - eth_getBlockByNumber
[2024/02/27 00:13:57.839] - eth_getTransactionReceipt
[2024/02/27 00:13:57.843] - eth_getBlockByNumber
[2024/02/27 00:13:57.846] - eth_getBlockByNumber
[2024/02/27 00:13:58.107] - eth_getTransactionReceipt
[2024/02/27 00:13:58.108] - eth_getTransactionReceipt
[2024/02/27 00:13:58.116] - eth_getBlockByNumber
[2024/02/27 00:13:58.125] - eth_getBlockByNumber
[2024/02/27 00:13:58.126] - eth_getBlockByNumber
[2024/02/27 00:13:58.131] - eth_getBlockByNumber
[2024/02/27 00:13:58.336] - eth_getTransactionReceipt
[2024/02/27 00:13:58.520] - eth_getTransactionReceipt
[2024/02/27 00:13:58.524] - eth_getTransactionReceipt
[2024/02/27 00:13:58.532] - eth_getBlockByNumber
[2024/02/27 00:13:58.550] - eth_getBlockByNumber
[2024/02/27 00:13:58.561] - eth_getBlockByNumber
[2024/02/27 00:13:58.566] - eth_getBlockByNumber
[2024/02/27 00:13:58.856] - eth_getTransactionReceipt
[2024/02/27 00:13:58.861] - eth_getBlockByNumber
[2024/02/27 00:13:58.865] - eth_getBlockByNumber
[2024/02/27 00:13:59.106] - eth_getTransactionReceipt
[2024/02/27 00:13:59.111] - eth_getBlockByNumber
[2024/02/27 00:13:59.120] - eth_getTransactionReceipt
[2024/02/27 00:13:59.144] - eth_getBlockByNumber
[2024/02/27 00:13:59.147] - eth_getBlockByNumber
[2024/02/27 00:13:59.157] - eth_getBlockByNumber
[2024/02/27 00:13:59.339] - eth_getTransactionReceipt
[2024/02/27 00:13:59.521] - eth_getTransactionReceipt
[2024/02/27 00:13:59.523] - eth_getTransactionReceipt
[2024/02/27 00:13:59.528] - eth_getBlockByNumber
[2024/02/27 00:13:59.532] - eth_getBlockByNumber
[2024/02/27 00:13:59.541] - eth_getBlockByNumber
[2024/02/27 00:13:59.544] - eth_getBlockByNumber
[2024/02/27 00:13:59.862] - eth_getTransactionReceipt
[2024/02/27 00:13:59.868] - eth_getBlockByNumber
[2024/02/27 00:13:59.873] - eth_getBlockByNumber
[2024/02/27 00:14:00.108] - eth_getTransactionReceipt
[2024/02/27 00:14:00.113] - eth_getBlockByNumber
[2024/02/27 00:14:00.118] - eth_getBlockByNumber
[2024/02/27 00:14:00.120] - eth_getTransactionReceipt
[2024/02/27 00:14:00.127] - eth_getBlockByNumber
[2024/02/27 00:14:00.132] - eth_getBlockByNumber
[2024/02/27 00:14:00.357] - eth_getTransactionReceipt
[2024/02/27 00:14:00.522] - eth_getTransactionReceipt
[2024/02/27 00:14:00.531] - eth_getBlockByNumber
[2024/02/27 00:14:00.533] - eth_getTransactionReceipt
[2024/02/27 00:14:00.656] - eth_getBlockByNumber
[2024/02/27 00:14:00.659] - eth_getBlockByNumber
[2024/02/27 00:14:00.721] - eth_getBlockByNumber
[2024/02/27 00:14:00.885] - eth_getTransactionReceipt
[2024/02/27 00:14:00.890] - eth_getBlockByNumber
[2024/02/27 00:14:00.896] - eth_getBlockByNumber
[2024/02/27 00:14:01.109] - eth_getTransactionReceipt
[2024/02/27 00:14:01.114] - eth_getBlockByNumber
[2024/02/27 00:14:01.121] - eth_getBlockByNumber
[2024/02/27 00:14:01.122] - eth_getTransactionReceipt
[2024/02/27 00:14:01.130] - eth_getBlockByNumber
[2024/02/27 00:14:01.136] - eth_getBlockByNumber
[2024/02/27 00:14:01.356] - eth_getTransactionReceipt
[2024/02/27 00:14:01.530] - eth_getTransactionReceipt
[2024/02/27 00:14:01.535] - eth_getBlockByNumber
[2024/02/27 00:14:01.538] - eth_getTransactionReceipt
[2024/02/27 00:14:01.540] - eth_getBlockByNumber
[2024/02/27 00:14:01.543] - eth_getBlockByNumber
[2024/02/27 00:14:01.549] - eth_getBlockByNumber
[2024/02/27 00:14:01.895] - eth_getTransactionReceipt
[2024/02/27 00:14:01.901] - eth_getBlockByNumber
[2024/02/27 00:14:01.908] - eth_getBlockByNumber
[2024/02/27 00:14:02.116] - eth_getTransactionReceipt
[2024/02/27 00:14:02.122] - eth_getBlockByNumber
[2024/02/27 00:14:02.125] - eth_getTransactionReceipt
[2024/02/27 00:14:02.128] - eth_getBlockByNumber
[2024/02/27 00:14:02.133] - eth_getBlockByNumber
[2024/02/27 00:14:02.138] - eth_getBlockByNumber
[2024/02/27 00:14:02.363] - eth_getTransactionReceipt
[2024/02/27 00:14:02.543] - eth_getTransactionReceipt
[2024/02/27 00:14:02.547] - eth_getTransactionReceipt
[2024/02/27 00:14:02.554] - eth_getBlockByNumber
[2024/02/27 00:14:02.579] - eth_getBlockByNumber
[2024/02/27 00:14:02.584] - eth_getBlockByNumber
[2024/02/27 00:14:02.588] - eth_getBlockByNumber
[2024/02/27 00:14:03.002] - eth_getTransactionReceipt
[2024/02/27 00:14:03.009] - eth_getBlockByNumber
[2024/02/27 00:14:03.014] - eth_getBlockByNumber
[2024/02/27 00:14:03.118] - eth_getTransactionReceipt
[2024/02/27 00:14:03.148] - eth_getTransactionReceipt
[2024/02/27 00:14:03.154] - eth_getBlockByNumber
[2024/02/27 00:14:03.157] - eth_getBlockByNumber
[2024/02/27 00:14:03.160] - eth_getBlockByNumber
[2024/02/27 00:14:03.163] - eth_getBlockByNumber
[2024/02/27 00:14:03.374] - eth_getTransactionReceipt
[2024/02/27 00:14:03.555] - eth_getTransactionReceipt
[2024/02/27 00:14:03.557] - eth_getTransactionReceipt
[2024/02/27 00:14:03.561] - eth_getBlockByNumber
[2024/02/27 00:14:03.577] - eth_getBlockByNumber
[2024/02/27 00:14:03.580] - eth_getBlockByNumber
[2024/02/27 00:14:03.586] - eth_getBlockByNumber
[2024/02/27 00:14:04.007] - eth_getTransactionReceipt
[2024/02/27 00:14:04.012] - eth_getBlockByNumber
[2024/02/27 00:14:04.016] - eth_getBlockByNumber
[2024/02/27 00:14:04.122] - eth_getTransactionReceipt
[2024/02/27 00:14:04.127] - eth_getBlockByNumber
[2024/02/27 00:14:04.133] - eth_getBlockByNumber
[2024/02/27 00:14:04.134] - eth_getTransactionReceipt
[2024/02/27 00:14:04.141] - eth_getBlockByNumber
[2024/02/27 00:14:04.146] - eth_getBlockByNumber
[2024/02/27 00:14:04.383] - eth_getTransactionReceipt
[2024/02/27 00:14:04.565] - eth_getTransactionReceipt
[2024/02/27 00:14:04.569] - eth_getTransactionReceipt
[2024/02/27 00:14:04.577] - eth_getBlockByNumber
[2024/02/27 00:14:04.582] - eth_getBlockByNumber
[2024/02/27 00:14:04.586] - eth_getBlockByNumber
[2024/02/27 00:14:04.591] - eth_getBlockByNumber
[2024/02/27 00:14:05.020] - eth_getTransactionReceipt
[2024/02/27 00:14:05.025] - eth_getBlockByNumber
[2024/02/27 00:14:05.030] - eth_getBlockByNumber
[2024/02/27 00:14:05.125] - eth_getTransactionReceipt
[2024/02/27 00:14:05.130] - eth_getBlockByNumber
[2024/02/27 00:14:05.137] - eth_getBlockByNumber
[2024/02/27 00:14:05.139] - eth_getTransactionReceipt
[2024/02/27 00:14:05.154] - eth_getBlockByNumber
[2024/02/27 00:14:05.160] - eth_getBlockByNumber
[2024/02/27 00:14:05.396] - eth_getTransactionReceipt
[2024/02/27 00:14:05.573] - eth_getTransactionReceipt
[2024/02/27 00:14:05.575] - eth_getTransactionReceipt
[2024/02/27 00:14:05.580] - eth_getBlockByNumber
[2024/02/27 00:14:05.583] - eth_getBlockByNumber
[2024/02/27 00:14:05.586] - eth_getBlockByNumber
[2024/02/27 00:14:05.589] - eth_getBlockByNumber
[2024/02/27 00:14:06.029] - eth_getTransactionReceipt
[2024/02/27 00:14:06.033] - eth_getBlockByNumber
[2024/02/27 00:14:06.038] - eth_getBlockByNumber
[2024/02/27 00:14:06.127] - eth_getTransactionReceipt
[2024/02/27 00:14:06.131] - eth_getBlockByNumber
[2024/02/27 00:14:06.136] - eth_getBlockByNumber
[2024/02/27 00:14:06.138] - eth_getTransactionReceipt
[2024/02/27 00:14:06.144] - eth_getBlockByNumber
[2024/02/27 00:14:06.149] - eth_getBlockByNumber
[2024/02/27 00:14:06.422] - eth_getTransactionReceipt
[2024/02/27 00:14:06.580] - eth_getTransactionReceipt
[2024/02/27 00:14:06.584] - eth_getTransactionReceipt
[2024/02/27 00:14:06.589] - eth_getBlockByNumber
[2024/02/27 00:14:06.599] - eth_getBlockByNumber
[2024/02/27 00:14:06.605] - eth_getBlockByNumber
[2024/02/27 00:14:06.608] - eth_getBlockByNumber
[2024/02/27 00:14:07.034] - eth_getTransactionReceipt
[2024/02/27 00:14:07.038] - eth_getBlockByNumber
[2024/02/27 00:14:07.042] - eth_getBlockByNumber
[2024/02/27 00:14:07.132] - eth_getTransactionReceipt
[2024/02/27 00:14:07.137] - eth_getBlockByNumber
[2024/02/27 00:14:07.139] - eth_getTransactionReceipt
[2024/02/27 00:14:07.143] - eth_getBlockByNumber
[2024/02/27 00:14:07.146] - eth_getBlockByNumber
[2024/02/27 00:14:07.152] - eth_getBlockByNumber
[2024/02/27 00:14:07.426] - eth_getTransactionReceipt
[2024/02/27 00:14:07.585] - eth_getTransactionReceipt
[2024/02/27 00:14:07.587] - eth_getTransactionReceipt
[2024/02/27 00:14:07.591] - eth_getBlockByNumber
[2024/02/27 00:14:07.593] - eth_getBlockByNumber
[2024/02/27 00:14:07.596] - eth_getBlockByNumber
[2024/02/27 00:14:07.600] - eth_getBlockByNumber
[2024/02/27 00:14:08.050] - eth_getTransactionReceipt
[2024/02/27 00:14:08.054] - eth_getBlockByNumber
[2024/02/27 00:14:08.059] - eth_getBlockByNumber
[2024/02/27 00:14:08.132] - eth_getTransactionReceipt
[2024/02/27 00:14:08.137] - eth_getBlockByNumber
[2024/02/27 00:14:08.139] - eth_getTransactionReceipt
[2024/02/27 00:14:08.142] - eth_getBlockByNumber
[2024/02/27 00:14:08.144] - eth_getBlockByNumber
[2024/02/27 00:14:08.150] - eth_getBlockByNumber
[2024/02/27 00:14:08.433] - eth_getTransactionReceipt
[2024/02/27 00:14:08.589] - eth_getTransactionReceipt
[2024/02/27 00:14:08.591] - eth_getTransactionReceipt
[2024/02/27 00:14:08.594] - eth_getBlockByNumber
[2024/02/27 00:14:08.597] - eth_getBlockByNumber
[2024/02/27 00:14:08.601] - eth_getBlockByNumber
[2024/02/27 00:14:08.608] - eth_getBlockByNumber
[2024/02/27 00:14:09.059] - eth_getTransactionReceipt
[2024/02/27 00:14:09.064] - eth_getBlockByNumber
[2024/02/27 00:14:09.070] - eth_getBlockByNumber
[2024/02/27 00:14:09.135] - eth_getTransactionReceipt
[2024/02/27 00:14:09.142] - eth_getBlockByNumber
[2024/02/27 00:14:09.145] - eth_getTransactionReceipt
[2024/02/27 00:14:09.148] - eth_getBlockByNumber
[2024/02/27 00:14:09.155] - eth_getBlockByNumber
[2024/02/27 00:14:09.161] - eth_getBlockByNumber
[2024/02/27 00:14:09.438] - eth_getTransactionReceipt
[2024/02/27 00:14:09.593] - eth_getTransactionReceipt
[2024/02/27 00:14:09.595] - eth_getTransactionReceipt
[2024/02/27 00:14:09.598] - eth_getBlockByNumber
[2024/02/27 00:14:09.601] - eth_getBlockByNumber
[2024/02/27 00:14:09.605] - eth_getBlockByNumber
[2024/02/27 00:14:09.607] - eth_getBlockByNumber
[2024/02/27 00:14:09.694] - 
  Transaction: 0xb41bb4cf949cbb10c54c3c634c204f9348bf8c81377dd5a6ee56efaa32d00a4d
  Gas usage: 28813
  Block number: 16
  Block time: Tue Feb 27 2024 00:14:09 GMT+0530 (India Standard Time)

[2024/02/27 00:14:09.697] - eth_getBlockByNumber
[2024/02/27 00:14:09.776] - eth_getBalance
[2024/02/27 00:14:09.814] - eth_getTransactionCount
[2024/02/27 00:14:09.851] - eth_getBalance
[2024/02/27 00:14:09.881] - eth_getTransactionCount
[2024/02/27 00:14:09.905] - eth_getBalance
[2024/02/27 00:14:09.928] - eth_getTransactionCount
[2024/02/27 00:14:09.965] - eth_getBalance
[2024/02/27 00:14:09.988] - eth_getTransactionCount
[2024/02/27 00:14:10.036] - eth_getBalance
[2024/02/27 00:14:10.071] - eth_getTransactionCount
[2024/02/27 00:14:10.076] - eth_getTransactionReceipt
[2024/02/27 00:14:10.092] - eth_getBlockByNumber
[2024/02/27 00:14:10.145] - eth_getBlockByNumber
[2024/02/27 00:14:10.164] - eth_getTransactionReceipt
[2024/02/27 00:14:10.165] - eth_getTransactionReceipt
[2024/02/27 00:14:10.167] - eth_getBalance
[2024/02/27 00:14:10.175] - eth_getBlockByNumber
[2024/02/27 00:14:10.178] - eth_getBlockByNumber
[2024/02/27 00:14:10.181] - eth_getBlockByNumber
[2024/02/27 00:14:10.184] - eth_getBlockByNumber
[2024/02/27 00:14:10.202] - eth_getTransactionCount
[2024/02/27 00:14:10.244] - eth_getBalance
[2024/02/27 00:14:10.279] - eth_getTransactionCount
[2024/02/27 00:14:10.311] - eth_getBalance
[2024/02/27 00:14:10.344] - eth_getTransactionCount
[2024/02/27 00:14:10.373] - eth_getBalance
[2024/02/27 00:14:10.404] - eth_getTransactionCount
[2024/02/27 00:14:10.434] - eth_getBalance
[2024/02/27 00:14:10.453] - eth_getTransactionReceipt
[2024/02/27 00:14:10.459] - eth_getBlockByNumber
[2024/02/27 00:14:10.463] - eth_getBlockByNumber
[2024/02/27 00:14:10.474] - eth_getTransactionCount
[2024/02/27 00:14:19.062] - eth_call
[2024/02/27 00:14:39.715] - eth_getBlockByNumber
[2024/02/27 00:14:39.862] - eth_getBalance
[2024/02/27 00:14:39.901] - eth_getTransactionCount
[2024/02/27 00:14:39.940] - eth_getBalance
[2024/02/27 00:14:40.093] - eth_getTransactionCount
[2024/02/27 00:14:40.154] - eth_getBalance
[2024/02/27 00:14:40.190] - eth_getTransactionCount
[2024/02/27 00:14:40.219] - eth_getBalance
[2024/02/27 00:14:40.247] - eth_getTransactionCount
[2024/02/27 00:14:40.286] - eth_getBalance
[2024/02/27 00:14:40.318] - eth_getTransactionCount
[2024/02/27 00:14:40.354] - eth_getBalance
[2024/02/27 00:14:40.429] - eth_getTransactionCount
[2024/02/27 00:14:40.494] - eth_getBalance
[2024/02/27 00:14:40.520] - eth_getTransactionCount
[2024/02/27 00:14:40.557] - eth_getBalance
[2024/02/27 00:14:40.584] - eth_getTransactionCount
[2024/02/27 00:14:40.612] - eth_getBalance
[2024/02/27 00:14:40.653] - eth_getTransactionCount
[2024/02/27 00:14:40.682] - eth_getBalance
[2024/02/27 00:14:40.711] - eth_getTransactionCount
[2024/02/27 00:14:46.553] - eth_unsubscribe
[2024/02/27 00:14:46.554] - eth_unsubscribe
