[2024/02/27 00:08:26.798] - Starting server with initial configuration: {"gasLimit":6721975,"gasPrice":20000000000,"hardfork":"merge","hostname":"127.0.0.1","port":9545,"network_id":5777,"default_balance_ether":100,"total_accounts":10,"unlocked_accounts":[],"locked":false,"vmErrorsOnRPCResponse":true,"verbose":false,"flavor":"ethereum","db_path":"C:\\Users\\Nagraj\\AppData\\Roaming\\Ganache\\ui\\workspaces\\Quickstart\\chaindata","mnemonic":"give stone satisfy wide shine sing else olympic album female stable educate","blockTime":"30","logDirectory":"C:\\Users\\Nagraj\\Desktop\\DRUG\\drug-traceability-blockchain-maddy\\logs"}
[2024/02/27 00:08:27.829] - eth_getCode
[2024/02/27 00:08:27.830] - eth_subscribe
[2024/02/27 00:08:27.833] - eth_getLogs
[2024/02/27 00:08:27.834] - eth_subscribe
[2024/02/27 00:08:27.847] - eth_getCode
[2024/02/27 00:08:27.863] - eth_getCode
[2024/02/27 00:08:28.504] - eth_subscribe
[2024/02/27 00:08:28.505] - eth_getLogs
[2024/02/27 00:08:28.507] - eth_subscribe
[2024/02/27 00:08:29.275] - eth_blockNumber
[2024/02/27 00:08:29.277] - eth_accounts
[2024/02/27 00:08:29.278] - eth_gasPrice
[2024/02/27 00:08:29.279] - eth_getBlockByNumber
[2024/02/27 00:08:29.280] - eth_subscribe
[2024/02/27 00:08:29.283] - eth_blockNumber
[2024/02/27 00:08:29.284] - eth_accounts
[2024/02/27 00:08:29.285] - eth_gasPrice
[2024/02/27 00:08:29.286] - eth_getBlockByNumber
[2024/02/27 00:08:29.287] - eth_subscribe
[2024/02/27 00:08:29.512] - eth_accounts
[2024/02/27 00:08:30.001] - eth_getBalance
[2024/02/27 00:08:30.028] - eth_getTransactionCount
[2024/02/27 00:08:30.078] - eth_getBalance
[2024/02/27 00:08:30.119] - eth_getTransactionCount
[2024/02/27 00:08:30.218] - eth_getBalance
[2024/02/27 00:08:30.293] - eth_getTransactionCount
[2024/02/27 00:08:30.320] - eth_getBalance
[2024/02/27 00:08:30.347] - eth_getTransactionCount
[2024/02/27 00:08:30.379] - eth_getBalance
[2024/02/27 00:08:30.408] - eth_getTransactionCount
[2024/02/27 00:08:30.458] - eth_getBalance
[2024/02/27 00:08:30.503] - eth_getTransactionCount
[2024/02/27 00:08:30.544] - eth_getBalance
[2024/02/27 00:08:30.568] - eth_getTransactionCount
[2024/02/27 00:08:30.596] - eth_getBalance
[2024/02/27 00:08:30.677] - eth_getTransactionCount
[2024/02/27 00:08:30.726] - eth_getBalance
[2024/02/27 00:08:30.781] - eth_getTransactionCount
[2024/02/27 00:08:31.080] - eth_getBalance
[2024/02/27 00:08:31.137] - eth_getTransactionCount
[2024/02/27 00:08:31.370] - eth_getBalance
[2024/02/27 00:08:31.426] - eth_getTransactionCount
[2024/02/27 00:08:31.460] - eth_getBalance
[2024/02/27 00:08:31.509] - eth_getTransactionCount
[2024/02/27 00:08:31.550] - eth_getBalance
[2024/02/27 00:08:31.610] - eth_getTransactionCount
[2024/02/27 00:08:31.650] - eth_getBalance
[2024/02/27 00:08:31.683] - eth_getTransactionCount
[2024/02/27 00:08:31.723] - eth_getBalance
[2024/02/27 00:08:31.749] - eth_getTransactionCount
[2024/02/27 00:08:31.774] - eth_getBalance
[2024/02/27 00:08:31.813] - eth_getTransactionCount
[2024/02/27 00:08:31.839] - eth_getBalance
[2024/02/27 00:08:31.890] - eth_getTransactionCount
[2024/02/27 00:08:31.913] - eth_getBalance
[2024/02/27 00:08:31.956] - eth_getTransactionCount
[2024/02/27 00:08:31.988] - eth_getBalance
[2024/02/27 00:08:32.031] - eth_getTransactionCount
[2024/02/27 00:08:32.054] - eth_getBalance
[2024/02/27 00:08:32.182] - eth_getTransactionCount
[2024/02/27 00:08:32.244] - eth_getBalance
[2024/02/27 00:08:32.277] - eth_getTransactionCount
[2024/02/27 00:08:32.317] - eth_getBalance
[2024/02/27 00:08:32.359] - eth_getTransactionCount
[2024/02/27 00:08:32.386] - eth_getBalance
[2024/02/27 00:08:32.433] - eth_getTransactionCount
[2024/02/27 00:08:32.459] - eth_getBalance
[2024/02/27 00:08:32.503] - eth_getTransactionCount
[2024/02/27 00:08:32.538] - eth_getBalance
[2024/02/27 00:08:32.564] - eth_getTransactionCount
[2024/02/27 00:08:32.594] - eth_getBalance
[2024/02/27 00:08:32.636] - eth_getTransactionCount
[2024/02/27 00:08:32.661] - eth_getBalance
[2024/02/27 00:08:32.696] - eth_getTransactionCount
[2024/02/27 00:08:32.721] - eth_getBalance
[2024/02/27 00:08:32.748] - eth_getTransactionCount
[2024/02/27 00:08:32.770] - eth_getBalance
[2024/02/27 00:08:32.889] - eth_getTransactionCount
[2024/02/27 00:08:32.936] - eth_getBalance
[2024/02/27 00:08:32.966] - eth_getTransactionCount
[2024/02/27 00:08:33.421] - eth_getTransactionCount
[2024/02/27 00:08:33.449] - eth_getBalance
[2024/02/27 00:08:33.486] - eth_getTransactionCount
[2024/02/27 00:08:33.526] - eth_getBalance
[2024/02/27 00:08:33.635] - eth_getTransactionCount
[2024/02/27 00:08:33.699] - eth_getBalance
[2024/02/27 00:08:33.751] - eth_getTransactionCount
[2024/02/27 00:08:33.778] - eth_getBalance
[2024/02/27 00:08:33.804] - eth_getTransactionCount
[2024/02/27 00:08:33.835] - eth_getBalance
[2024/02/27 00:08:33.868] - eth_getTransactionCount
[2024/02/27 00:08:33.899] - eth_getBalance
[2024/02/27 00:08:33.931] - eth_getTransactionCount
[2024/02/27 00:08:33.955] - eth_getBalance
[2024/02/27 00:08:34.001] - eth_getTransactionCount
[2024/02/27 00:08:34.039] - eth_getBalance
[2024/02/27 00:08:34.071] - eth_getTransactionCount
[2024/02/27 00:08:34.092] - eth_getBalance
[2024/02/27 00:08:34.127] - eth_getTransactionCount
[2024/02/27 00:08:57.563] - eth_getBlockByNumber
[2024/02/27 00:08:57.650] - eth_getBalance
[2024/02/27 00:08:57.688] - eth_getTransactionCount
[2024/02/27 00:08:57.710] - eth_getBalance
[2024/02/27 00:08:57.751] - eth_getTransactionCount
[2024/02/27 00:08:57.856] - eth_getBalance
[2024/02/27 00:08:57.959] - eth_getTransactionCount
[2024/02/27 00:08:57.997] - eth_getBalance
[2024/02/27 00:08:58.034] - eth_getTransactionCount
[2024/02/27 00:08:58.074] - eth_getBalance
[2024/02/27 00:08:58.107] - eth_getTransactionCount
[2024/02/27 00:08:58.125] - eth_getBalance
[2024/02/27 00:08:58.147] - eth_getTransactionCount
[2024/02/27 00:08:58.192] - eth_getBalance
[2024/02/27 00:08:58.219] - eth_getTransactionCount
[2024/02/27 00:08:58.236] - eth_getBalance
[2024/02/27 00:08:58.269] - eth_getTransactionCount
[2024/02/27 00:08:58.363] - eth_getBalance
[2024/02/27 00:08:58.397] - eth_getTransactionCount
[2024/02/27 00:08:58.433] - eth_getBalance
[2024/02/27 00:08:58.475] - eth_getTransactionCount
[2024/02/27 00:09:27.569] - eth_getBlockByNumber
[2024/02/27 00:09:27.626] - eth_getBalance
[2024/02/27 00:09:27.652] - eth_getTransactionCount
[2024/02/27 00:09:27.677] - eth_getBalance
[2024/02/27 00:09:27.700] - eth_getTransactionCount
[2024/02/27 00:09:27.727] - eth_getBalance
[2024/02/27 00:09:27.744] - eth_getTransactionCount
[2024/02/27 00:09:27.762] - eth_getBalance
[2024/02/27 00:09:27.785] - eth_getTransactionCount
[2024/02/27 00:09:27.802] - eth_getBalance
[2024/02/27 00:09:27.834] - eth_getTransactionCount
[2024/02/27 00:09:27.858] - eth_getBalance
[2024/02/27 00:09:27.875] - eth_getTransactionCount
[2024/02/27 00:09:27.893] - eth_getBalance
[2024/02/27 00:09:27.913] - eth_getTransactionCount
[2024/02/27 00:09:27.929] - eth_getBalance
[2024/02/27 00:09:27.946] - eth_getTransactionCount
[2024/02/27 00:09:27.969] - eth_getBalance
[2024/02/27 00:09:27.984] - eth_getTransactionCount
[2024/02/27 00:09:28.005] - eth_getBalance
[2024/02/27 00:09:28.050] - eth_getTransactionCount
[2024/02/27 00:09:57.574] - eth_getBlockByNumber
[2024/02/27 00:09:57.683] - eth_getBalance
[2024/02/27 00:09:57.704] - eth_getTransactionCount
[2024/02/27 00:09:57.725] - eth_getBalance
[2024/02/27 00:09:57.744] - eth_getTransactionCount
[2024/02/27 00:09:57.777] - eth_getBalance
[2024/02/27 00:09:57.845] - eth_getTransactionCount
[2024/02/27 00:09:57.895] - eth_getBalance
[2024/02/27 00:09:57.917] - eth_getTransactionCount
[2024/02/27 00:09:57.936] - eth_getBalance
[2024/02/27 00:09:57.957] - eth_getTransactionCount
[2024/02/27 00:09:57.982] - eth_getBalance
[2024/02/27 00:09:57.999] - eth_getTransactionCount
[2024/02/27 00:09:58.020] - eth_getBalance
[2024/02/27 00:09:58.040] - eth_getTransactionCount
[2024/02/27 00:09:58.059] - eth_getBalance
[2024/02/27 00:09:58.074] - eth_getTransactionCount
[2024/02/27 00:09:58.098] - eth_getBalance
[2024/02/27 00:09:58.126] - eth_getTransactionCount
[2024/02/27 00:09:58.224] - eth_getBalance
[2024/02/27 00:09:58.259] - eth_getTransactionCount
[2024/02/27 00:10:27.583] - eth_getBlockByNumber
[2024/02/27 00:10:27.639] - eth_getBalance
[2024/02/27 00:10:27.667] - eth_getTransactionCount
[2024/02/27 00:10:27.691] - eth_getBalance
[2024/02/27 00:10:27.721] - eth_getTransactionCount
[2024/02/27 00:10:27.742] - eth_getBalance
[2024/02/27 00:10:27.768] - eth_getTransactionCount
[2024/02/27 00:10:27.845] - eth_getBalance
[2024/02/27 00:10:27.908] - eth_getTransactionCount
[2024/02/27 00:10:27.933] - eth_getBalance
[2024/02/27 00:10:27.958] - eth_getTransactionCount
[2024/02/27 00:10:27.986] - eth_getBalance
[2024/02/27 00:10:28.018] - eth_getTransactionCount
[2024/02/27 00:10:28.054] - eth_getBalance
[2024/02/27 00:10:28.081] - eth_getTransactionCount
[2024/02/27 00:10:28.116] - eth_getBalance
[2024/02/27 00:10:28.141] - eth_getTransactionCount
[2024/02/27 00:10:28.157] - eth_getBalance
[2024/02/27 00:10:28.182] - eth_getTransactionCount
[2024/02/27 00:10:28.203] - eth_getBalance
[2024/02/27 00:10:28.235] - eth_getTransactionCount
[2024/02/27 00:10:57.601] - eth_getBlockByNumber
[2024/02/27 00:10:57.648] - eth_getBalance
[2024/02/27 00:10:57.675] - eth_getTransactionCount
[2024/02/27 00:10:57.697] - eth_getBalance
[2024/02/27 00:10:57.721] - eth_getTransactionCount
[2024/02/27 00:10:57.745] - eth_getBalance
[2024/02/27 00:10:57.771] - eth_getTransactionCount
[2024/02/27 00:10:57.794] - eth_getBalance
[2024/02/27 00:10:57.813] - eth_getTransactionCount
[2024/02/27 00:10:57.838] - eth_getBalance
[2024/02/27 00:10:57.859] - eth_getTransactionCount
[2024/02/27 00:10:57.881] - eth_getBalance
[2024/02/27 00:10:57.907] - eth_getTransactionCount
[2024/02/27 00:10:57.933] - eth_getBalance
[2024/02/27 00:10:57.953] - eth_getTransactionCount
[2024/02/27 00:10:57.988] - eth_getBalance
[2024/02/27 00:10:58.018] - eth_getTransactionCount
[2024/02/27 00:10:58.034] - eth_getBalance
[2024/02/27 00:10:58.061] - eth_getTransactionCount
[2024/02/27 00:10:58.087] - eth_getBalance
[2024/02/27 00:10:58.104] - eth_getTransactionCount
[2024/02/27 00:11:08.500] - eth_unsubscribe
[2024/02/27 00:11:08.502] - eth_unsubscribe
