[2024/02/27 00:06:21.060] - Starting server with initial configuration: {"gasLimit":6721975,"gasPrice":20000000000,"hardfork":"merge","hostname":"127.0.0.1","port":9545,"network_id":5777,"default_balance_ether":100,"total_accounts":10,"unlocked_accounts":[],"locked":false,"vmErrorsOnRPCResponse":true,"verbose":false,"flavor":"ethereum","db_path":"C:\\Users\\Nagraj\\AppData\\Roaming\\Ganache\\ui\\workspaces\\Quickstart\\chaindata","mnemonic":"give stone satisfy wide shine sing else olympic album female stable educate","blockTime":"30","logDirectory":"C:\\Users\\Nagraj\\Desktop\\DRUG\\drug-traceability-blockchain-maddy\\logs"}
[2024/02/27 00:06:22.224] - eth_getCode
[2024/02/27 00:06:22.226] - eth_subscribe
[2024/02/27 00:06:22.229] - eth_getLogs
[2024/02/27 00:06:22.231] - eth_subscribe
[2024/02/27 00:06:22.238] - eth_getCode
[2024/02/27 00:06:22.251] - eth_getCode
[2024/02/27 00:06:22.549] - eth_subscribe
[2024/02/27 00:06:22.551] - eth_getLogs
[2024/02/27 00:06:22.553] - eth_subscribe
[2024/02/27 00:06:22.839] - eth_subscribe
[2024/02/27 00:06:22.841] - eth_getLogs
[2024/02/27 00:06:22.843] - eth_subscribe
[2024/02/27 00:06:23.351] - eth_gasPrice
[2024/02/27 00:06:23.354] - eth_getBlockByNumber
[2024/02/27 00:06:23.355] - eth_subscribe
[2024/02/27 00:06:23.357] - eth_blockNumber
[2024/02/27 00:06:23.359] - eth_accounts
[2024/02/27 00:06:23.360] - eth_gasPrice
[2024/02/27 00:06:23.361] - eth_getBlockByNumber
[2024/02/27 00:06:23.362] - eth_subscribe
[2024/02/27 00:06:23.366] - eth_blockNumber
[2024/02/27 00:06:23.368] - eth_accounts
[2024/02/27 00:06:23.369] - eth_gasPrice
[2024/02/27 00:06:23.371] - eth_getBlockByNumber
[2024/02/27 00:06:23.372] - eth_subscribe
[2024/02/27 00:06:23.375] - eth_blockNumber
[2024/02/27 00:06:23.376] - eth_accounts
[2024/02/27 00:06:24.408] - eth_getBalance
[2024/02/27 00:06:24.462] - eth_getTransactionCount
[2024/02/27 00:06:24.503] - eth_getBalance
[2024/02/27 00:06:24.547] - eth_getTransactionCount
[2024/02/27 00:06:24.595] - eth_getBalance
[2024/02/27 00:06:24.660] - eth_getTransactionCount
[2024/02/27 00:06:24.708] - eth_getBalance
[2024/02/27 00:06:24.762] - eth_getTransactionCount
[2024/02/27 00:06:24.850] - eth_getBalance
[2024/02/27 00:06:24.916] - eth_getTransactionCount
[2024/02/27 00:06:24.974] - eth_getBalance
[2024/02/27 00:06:25.025] - eth_getTransactionCount
[2024/02/27 00:06:25.077] - eth_getBalance
[2024/02/27 00:06:25.124] - eth_getTransactionCount
[2024/02/27 00:06:25.177] - eth_getBalance
[2024/02/27 00:06:25.261] - eth_getTransactionCount
[2024/02/27 00:06:25.383] - eth_getBalance
[2024/02/27 00:06:25.446] - eth_getTransactionCount
[2024/02/27 00:06:25.499] - eth_getBalance
[2024/02/27 00:06:25.551] - eth_getTransactionCount
[2024/02/27 00:06:25.607] - eth_getBalance
[2024/02/27 00:06:25.646] - eth_getTransactionCount
[2024/02/27 00:06:25.691] - eth_getBalance
[2024/02/27 00:06:25.734] - eth_getTransactionCount
[2024/02/27 00:06:25.787] - eth_getBalance
[2024/02/27 00:06:25.832] - eth_getTransactionCount
[2024/02/27 00:06:25.886] - eth_getBalance
[2024/02/27 00:06:25.931] - eth_getTransactionCount
[2024/02/27 00:06:26.056] - eth_getBalance
[2024/02/27 00:06:26.156] - eth_getTransactionCount
[2024/02/27 00:06:26.220] - eth_getBalance
[2024/02/27 00:06:26.267] - eth_getTransactionCount
[2024/02/27 00:06:26.320] - eth_getBalance
[2024/02/27 00:06:26.370] - eth_getTransactionCount
[2024/02/27 00:06:26.437] - eth_getBalance
[2024/02/27 00:06:26.489] - eth_getTransactionCount
[2024/02/27 00:06:26.548] - eth_getBalance
[2024/02/27 00:06:26.588] - eth_getTransactionCount
[2024/02/27 00:06:26.635] - eth_getBalance
[2024/02/27 00:06:26.666] - eth_getTransactionCount
[2024/02/27 00:06:26.712] - eth_getBalance
[2024/02/27 00:06:26.753] - eth_getTransactionCount
[2024/02/27 00:06:26.813] - eth_getBalance
[2024/02/27 00:06:26.856] - eth_getTransactionCount
[2024/02/27 00:06:26.898] - eth_getBalance
[2024/02/27 00:06:26.931] - eth_getTransactionCount
[2024/02/27 00:06:26.972] - eth_getBalance
[2024/02/27 00:06:27.003] - eth_getTransactionCount
[2024/02/27 00:06:27.090] - eth_getBalance
[2024/02/27 00:06:27.149] - eth_getTransactionCount
[2024/02/27 00:06:27.201] - eth_getBalance
[2024/02/27 00:06:27.237] - eth_getTransactionCount
[2024/02/27 00:06:27.266] - eth_getBalance
[2024/02/27 00:06:27.299] - eth_getTransactionCount
[2024/02/27 00:06:27.336] - eth_getBalance
[2024/02/27 00:06:27.371] - eth_getTransactionCount
[2024/02/27 00:06:27.409] - eth_getBalance
[2024/02/27 00:06:27.454] - eth_getTransactionCount
[2024/02/27 00:06:27.487] - eth_getBalance
[2024/02/27 00:06:27.526] - eth_getTransactionCount
[2024/02/27 00:06:27.569] - eth_getBalance
[2024/02/27 00:06:27.624] - eth_getTransactionCount
[2024/02/27 00:06:27.670] - eth_getBalance
[2024/02/27 00:06:27.710] - eth_getTransactionCount
[2024/02/27 00:06:27.740] - eth_getBalance
[2024/02/27 00:06:27.776] - eth_getTransactionCount
[2024/02/27 00:06:27.819] - eth_getBalance
[2024/02/27 00:06:27.859] - eth_getTransactionCount
[2024/02/27 00:06:27.900] - eth_getBalance
[2024/02/27 00:06:27.937] - eth_getTransactionCount
[2024/02/27 00:06:27.974] - eth_getBalance
[2024/02/27 00:06:28.020] - eth_getTransactionCount
[2024/02/27 00:06:28.057] - eth_getBalance
[2024/02/27 00:06:28.095] - eth_getTransactionCount
[2024/02/27 00:06:28.127] - eth_getBalance
[2024/02/27 00:06:28.167] - eth_getTransactionCount
[2024/02/27 00:06:28.202] - eth_getBalance
[2024/02/27 00:06:28.246] - eth_getTransactionCount
[2024/02/27 00:06:28.284] - eth_getBalance
[2024/02/27 00:06:28.331] - eth_getTransactionCount
[2024/02/27 00:06:28.373] - eth_getBalance
[2024/02/27 00:06:28.411] - eth_getTransactionCount
[2024/02/27 00:06:28.454] - eth_getBalance
[2024/02/27 00:06:28.502] - eth_getTransactionCount
[2024/02/27 00:06:28.551] - eth_getBalance
[2024/02/27 00:06:28.593] - eth_getTransactionCount
[2024/02/27 00:06:28.641] - eth_getBalance
[2024/02/27 00:06:28.681] - eth_getTransactionCount
[2024/02/27 00:06:28.740] - eth_getBalance
[2024/02/27 00:06:28.776] - eth_getTransactionCount
[2024/02/27 00:06:28.822] - eth_getBalance
[2024/02/27 00:06:28.860] - eth_getTransactionCount
[2024/02/27 00:06:28.899] - eth_getBalance
[2024/02/27 00:06:28.930] - eth_getTransactionCount
[2024/02/27 00:06:28.973] - eth_getBalance
[2024/02/27 00:06:29.008] - eth_getTransactionCount
[2024/02/27 00:06:29.047] - eth_getBalance
[2024/02/27 00:06:29.080] - eth_getTransactionCount
[2024/02/27 00:06:29.128] - eth_getBalance
[2024/02/27 00:06:29.158] - eth_getTransactionCount
[2024/02/27 00:06:29.203] - eth_getBalance
[2024/02/27 00:06:29.237] - eth_getTransactionCount
[2024/02/27 00:06:29.277] - eth_getBalance
[2024/02/27 00:06:29.313] - eth_getTransactionCount
[2024/02/27 00:06:29.360] - eth_getBalance
[2024/02/27 00:06:29.392] - eth_getTransactionCount
[2024/02/27 00:06:29.429] - eth_getBalance
[2024/02/27 00:06:29.459] - eth_getTransactionCount
[2024/02/27 00:06:29.502] - eth_getBalance
[2024/02/27 00:06:29.542] - eth_getTransactionCount
[2024/02/27 00:06:29.588] - eth_getBalance
[2024/02/27 00:06:29.613] - eth_getTransactionCount
[2024/02/27 00:06:29.651] - eth_getBalance
[2024/02/27 00:06:29.684] - eth_getTransactionCount
[2024/02/27 00:06:29.729] - eth_getBalance
[2024/02/27 00:06:29.776] - eth_getTransactionCount
[2024/02/27 00:06:29.844] - eth_getBalance
[2024/02/27 00:06:29.892] - eth_getTransactionCount
[2024/02/27 00:06:29.929] - eth_getBalance
[2024/02/27 00:06:29.962] - eth_getTransactionCount
[2024/02/27 00:06:32.671] - eth_getBlockByNumber
[2024/02/27 00:06:35.635] - eth_getBlockByNumber
[2024/02/27 00:06:41.433] - eth_getTransactionReceipt
[2024/02/27 00:06:41.465] - eth_getBlockTransactionCountByHash
[2024/02/27 00:06:41.659] - eth_getBlockByNumber
[2024/02/27 00:06:41.721] - eth_getBlockByNumber
[2024/02/27 00:06:41.915] - eth_getBlockTransactionCountByHash
[2024/02/27 00:06:51.780] - eth_getBlockByNumber
[2024/02/27 00:06:51.933] - eth_getBalance
[2024/02/27 00:06:51.984] - eth_getTransactionCount
[2024/02/27 00:06:52.036] - eth_getBalance
[2024/02/27 00:06:52.144] - eth_getTransactionCount
[2024/02/27 00:06:52.214] - eth_getBalance
[2024/02/27 00:06:52.252] - eth_getTransactionCount
[2024/02/27 00:06:52.285] - eth_getBalance
[2024/02/27 00:06:52.319] - eth_getTransactionCount
[2024/02/27 00:06:52.347] - eth_getBalance
[2024/02/27 00:06:52.385] - eth_getTransactionCount
[2024/02/27 00:06:52.420] - eth_getBalance
[2024/02/27 00:06:52.452] - eth_getTransactionCount
[2024/02/27 00:06:52.519] - eth_getBalance
[2024/02/27 00:06:52.586] - eth_getTransactionCount
[2024/02/27 00:06:52.614] - eth_getBalance
[2024/02/27 00:06:52.646] - eth_getTransactionCount
[2024/02/27 00:06:52.669] - eth_getBalance
[2024/02/27 00:06:52.714] - eth_getTransactionCount
[2024/02/27 00:06:52.751] - eth_getBalance
[2024/02/27 00:06:52.786] - eth_getTransactionCount
[2024/02/27 00:07:21.799] - eth_getBlockByNumber
[2024/02/27 00:07:21.899] - eth_getBalance
[2024/02/27 00:07:21.935] - eth_getTransactionCount
[2024/02/27 00:07:21.971] - eth_getBalance
[2024/02/27 00:07:22.013] - eth_getTransactionCount
[2024/02/27 00:07:22.069] - eth_getBalance
[2024/02/27 00:07:22.102] - eth_getTransactionCount
[2024/02/27 00:07:22.197] - eth_getBalance
[2024/02/27 00:07:22.242] - eth_getTransactionCount
[2024/02/27 00:07:22.274] - eth_getBalance
[2024/02/27 00:07:22.304] - eth_getTransactionCount
[2024/02/27 00:07:22.340] - eth_getBalance
[2024/02/27 00:07:22.375] - eth_getTransactionCount
[2024/02/27 00:07:22.406] - eth_getBalance
[2024/02/27 00:07:22.434] - eth_getTransactionCount
[2024/02/27 00:07:22.469] - eth_getBalance
[2024/02/27 00:07:22.499] - eth_getTransactionCount
[2024/02/27 00:07:22.585] - eth_getBalance
[2024/02/27 00:07:22.651] - eth_getTransactionCount
[2024/02/27 00:07:22.682] - eth_getBalance
[2024/02/27 00:07:22.721] - eth_getTransactionCount
[2024/02/27 00:07:51.818] - eth_getBlockByNumber
[2024/02/27 00:07:51.936] - eth_getBalance
[2024/02/27 00:07:51.976] - eth_getTransactionCount
[2024/02/27 00:07:52.021] - eth_getBalance
[2024/02/27 00:07:52.065] - eth_getTransactionCount
[2024/02/27 00:07:52.131] - eth_getBalance
[2024/02/27 00:07:52.205] - eth_getTransactionCount
[2024/02/27 00:07:52.238] - eth_getBalance
[2024/02/27 00:07:52.278] - eth_getTransactionCount
[2024/02/27 00:07:52.305] - eth_getBalance
[2024/02/27 00:07:52.338] - eth_getTransactionCount
[2024/02/27 00:07:52.373] - eth_getBalance
[2024/02/27 00:07:52.401] - eth_getTransactionCount
[2024/02/27 00:07:52.450] - eth_getBalance
[2024/02/27 00:07:52.552] - eth_getTransactionCount
[2024/02/27 00:07:52.587] - eth_getBalance
[2024/02/27 00:07:52.618] - eth_getTransactionCount
[2024/02/27 00:07:52.643] - eth_getBalance
[2024/02/27 00:07:52.687] - eth_getTransactionCount
[2024/02/27 00:07:52.716] - eth_getBalance
[2024/02/27 00:07:52.748] - eth_getTransactionCount
[2024/02/27 00:08:21.822] - eth_getBlockByNumber
[2024/02/27 00:08:21.893] - eth_getBalance
[2024/02/27 00:08:21.933] - eth_getTransactionCount
[2024/02/27 00:08:21.971] - eth_getBalance
[2024/02/27 00:08:22.014] - eth_getTransactionCount
[2024/02/27 00:08:22.038] - eth_getBalance
[2024/02/27 00:08:22.073] - eth_getTransactionCount
[2024/02/27 00:08:22.129] - eth_getBalance
[2024/02/27 00:08:22.199] - eth_getTransactionCount
[2024/02/27 00:08:22.224] - eth_getBalance
[2024/02/27 00:08:22.255] - eth_getTransactionCount
[2024/02/27 00:08:22.285] - eth_getBalance
[2024/02/27 00:08:22.308] - eth_getTransactionCount
[2024/02/27 00:08:22.330] - eth_getBalance
[2024/02/27 00:08:22.361] - eth_getTransactionCount
[2024/02/27 00:08:22.382] - eth_getBalance
[2024/02/27 00:08:22.408] - eth_getTransactionCount
[2024/02/27 00:08:22.440] - eth_getBalance
[2024/02/27 00:08:22.464] - eth_getTransactionCount
[2024/02/27 00:08:22.484] - eth_getBalance
[2024/02/27 00:08:22.517] - eth_getTransactionCount
[2024/02/27 00:08:26.276] - eth_unsubscribe
[2024/02/27 00:08:26.277] - eth_unsubscribe
